
                                   < M A T L A B (R) >
                         Copyright 1984-2019 The MathWorks, Inc.
                         R2019a (9.6.0.1072779) 64-bit (glnxa64)
                                      March 8, 2019

 
To get started, type doc.
For product information, visit www.mathworks.com.
 
Performing dry run to compile libraries 
14-Feb-2020 00:22:45
Input expression file: test_data/expression.txt
Input motif file: test_data/motifTest.txt
Input PPI file: test_data/ppi.txt
Output PANDA network: 
Output temp data: 
Alpha: 0.10
Reading in expression data!
1000 genes and 50 conditions!
Elapsed time is 1.568497 seconds.
Reading in motif data!
Reading in ppi data!
661 TFs and 103400 edges!
Computing coexpression network:
Elapsed time is 0.169732 seconds.
Normalizing Networks:
Elapsed time is 0.108972 seconds.
Running PANDA algorithm:
Learning Network with Tfunction !
Running PANDA on 1000 Genes and 661 TFs took 3.127437 seconds!
All done!
14-Feb-2020 00:22:53
Starting benchmarks 
Reading in expression data!
35238 genes and 97 conditions!
Elapsed time is 0.884509 seconds.
Reading in motif data!
Reading in ppi data!
1603 TFs and 43519847 edges!
Computing coexpression network:
Normalizing Networks:
Learning Network with Tfunction !
Learning Network with Tfunction !
computation failed \n
Reading in expression data!
35238 genes and 97 conditions!
Elapsed time is 0.732304 seconds.
Reading in motif data!
Reading in ppi data!
1603 TFs and 43519847 edges!
Computing coexpression network:
Normalizing Networks:
Learning Network with euclidean !
caught memory error, trying to fix ... 
Learning Network with euclidean !
computation failed \n
Reading in expression data!
35238 genes and 97 conditions!
Elapsed time is 0.722370 seconds.
Reading in motif data!
Reading in ppi data!
1603 TFs and 43519847 edges!
Computing coexpression network:
Normalizing Networks:
Learning Network with squaredeuclidean !
caught memory error, trying to fix ... 
Learning Network with squaredeuclidean !
computation failed \n
Reading in expression data!
35238 genes and 97 conditions!
Elapsed time is 0.798595 seconds.
Reading in motif data!
Reading in ppi data!
1603 TFs and 43519847 edges!
Computing coexpression network:
Normalizing Networks:
Learning Network with seuclidean !
Learning Network with seuclidean !
computation failed \n
Reading in expression data!
35238 genes and 97 conditions!
Elapsed time is 0.683859 seconds.
Reading in motif data!
Reading in ppi data!
1603 TFs and 43519847 edges!
Computing coexpression network:
Normalizing Networks:
Learning Network with cityblock !
caught memory error, trying to fix ... 
Learning Network with cityblock !
computation failed \n
Reading in expression data!
35238 genes and 97 conditions!
Elapsed time is 0.630903 seconds.
Reading in motif data!
Reading in ppi data!
1603 TFs and 43519847 edges!
Computing coexpression network:
Normalizing Networks:
Learning Network with chebychev !
caught memory error, trying to fix ... 
Learning Network with chebychev !
computation failed \n
Reading in expression data!
35238 genes and 97 conditions!
Elapsed time is 0.628699 seconds.
Reading in motif data!
Reading in ppi data!
1603 TFs and 43519847 edges!
Computing coexpression network:
Normalizing Networks:
Learning Network with cosine !
Learning Network with cosine !
computation failed \n
Reading in expression data!
35238 genes and 97 conditions!
Elapsed time is 0.638728 seconds.
Reading in motif data!
Reading in ppi data!
1603 TFs and 43519847 edges!
Computing coexpression network:
Normalizing Networks:
Learning Network with correlation !
Learning Network with correlation !
computation failed \n
Reading in expression data!
35238 genes and 97 conditions!
Elapsed time is 0.646350 seconds.
Reading in motif data!
Reading in ppi data!
1603 TFs and 43519847 edges!
Computing coexpression network:
Normalizing Networks:
Learning Network with Tfunction !
Learning Network with Tfunction !
computation failed \n
Reading in expression data!
35238 genes and 97 conditions!
Elapsed time is 0.633101 seconds.
Reading in motif data!
Reading in ppi data!
1603 TFs and 43519847 edges!
Computing coexpression network:
Normalizing Networks:
Learning Network with euclidean !
caught memory error, trying to fix ... 
Learning Network with euclidean !
computation failed \n
Reading in expression data!
35238 genes and 97 conditions!
Elapsed time is 0.681719 seconds.
Reading in motif data!
Reading in ppi data!
1603 TFs and 43519847 edges!
Computing coexpression network:
Normalizing Networks:
Learning Network with squaredeuclidean !
caught memory error, trying to fix ... 
Learning Network with squaredeuclidean !
computation failed \n
Reading in expression data!
35238 genes and 97 conditions!
Elapsed time is 0.674289 seconds.
Reading in motif data!
Reading in ppi data!
1603 TFs and 43519847 edges!
Computing coexpression network:
Normalizing Networks:
Learning Network with seuclidean !
Learning Network with seuclidean !
computation failed \n
Reading in expression data!
35238 genes and 97 conditions!
Elapsed time is 0.680241 seconds.
Reading in motif data!
Reading in ppi data!
1603 TFs and 43519847 edges!
Computing coexpression network:
Normalizing Networks:
Learning Network with cityblock !
caught memory error, trying to fix ... 
Learning Network with cityblock !
computation failed \n
Reading in expression data!
35238 genes and 97 conditions!
Elapsed time is 0.673507 seconds.
Reading in motif data!
Reading in ppi data!
1603 TFs and 43519847 edges!
Computing coexpression network:
Normalizing Networks:
Learning Network with chebychev !
caught memory error, trying to fix ... 
Learning Network with chebychev !
computation failed \n
Reading in expression data!
35238 genes and 97 conditions!
Elapsed time is 0.673167 seconds.
Reading in motif data!
Reading in ppi data!
1603 TFs and 43519847 edges!
Computing coexpression network:
Normalizing Networks:
Learning Network with cosine !
Learning Network with cosine !
computation failed \n
Reading in expression data!
35238 genes and 97 conditions!
Elapsed time is 0.670425 seconds.
Reading in motif data!
Reading in ppi data!
1603 TFs and 43519847 edges!
Computing coexpression network:
Normalizing Networks:
Learning Network with correlation !
Learning Network with correlation !
computation failed \n
Reading in expression data!
35238 genes and 97 conditions!
Elapsed time is 0.682667 seconds.
Reading in motif data!
Reading in ppi data!
1603 TFs and 43519847 edges!
Computing coexpression network:
Normalizing Networks:
Learning Network with Tfunction !
Learning Network with Tfunction !
computation failed \n
Reading in expression data!
35238 genes and 97 conditions!
Elapsed time is 0.648244 seconds.
Reading in motif data!
Reading in ppi data!
1603 TFs and 43519847 edges!
Computing coexpression network:
Normalizing Networks:
Learning Network with euclidean !
caught memory error, trying to fix ... 
Learning Network with euclidean !
computation failed \n
Reading in expression data!
35238 genes and 97 conditions!
Elapsed time is 0.680875 seconds.
Reading in motif data!
Reading in ppi data!
1603 TFs and 43519847 edges!
Computing coexpression network:
Normalizing Networks:
Learning Network with squaredeuclidean !
caught memory error, trying to fix ... 
Learning Network with squaredeuclidean !
computation failed \n
Reading in expression data!
35238 genes and 97 conditions!
Elapsed time is 0.687987 seconds.
Reading in motif data!
Reading in ppi data!
1603 TFs and 43519847 edges!
Computing coexpression network:
Normalizing Networks:
Learning Network with seuclidean !
Learning Network with seuclidean !
computation failed \n
Reading in expression data!
35238 genes and 97 conditions!
Elapsed time is 0.678374 seconds.
Reading in motif data!
Reading in ppi data!
1603 TFs and 43519847 edges!
Computing coexpression network:
Normalizing Networks:
Learning Network with cityblock !
caught memory error, trying to fix ... 
Learning Network with cityblock !
computation failed \n
Reading in expression data!
35238 genes and 97 conditions!
Elapsed time is 0.682196 seconds.
Reading in motif data!
Reading in ppi data!
1603 TFs and 43519847 edges!
Computing coexpression network:
Normalizing Networks:
Learning Network with chebychev !
caught memory error, trying to fix ... 
Learning Network with chebychev !
computation failed \n
Reading in expression data!
35238 genes and 97 conditions!
Elapsed time is 0.688752 seconds.
Reading in motif data!
Reading in ppi data!
1603 TFs and 43519847 edges!
Computing coexpression network:
Normalizing Networks:
Learning Network with cosine !
Learning Network with cosine !
computation failed \n
Reading in expression data!
35238 genes and 97 conditions!
Elapsed time is 0.686871 seconds.
Reading in motif data!
Reading in ppi data!
1603 TFs and 43519847 edges!
Computing coexpression network:
Normalizing Networks:
Learning Network with correlation !
Learning Network with correlation !
computation failed \n
Reading in expression data!
35238 genes and 97 conditions!
Elapsed time is 0.712638 seconds.
Reading in motif data!
Reading in ppi data!
1603 TFs and 43519847 edges!
Computing coexpression network:
Normalizing Networks:
Learning Network with Tfunction !
Learning Network with Tfunction !
computation failed \n
Reading in expression data!
35238 genes and 97 conditions!
Elapsed time is 0.725731 seconds.
Reading in motif data!
Reading in ppi data!
1603 TFs and 43519847 edges!
Computing coexpression network:
Normalizing Networks:
Learning Network with euclidean !
Learning Network with euclidean !
computation failed \n
Reading in expression data!
35238 genes and 97 conditions!
Elapsed time is 0.717915 seconds.
Reading in motif data!
Reading in ppi data!
1603 TFs and 43519847 edges!
Computing coexpression network:
Normalizing Networks:
Learning Network with squaredeuclidean !
Learning Network with squaredeuclidean !
computation failed \n
Reading in expression data!
35238 genes and 97 conditions!
Elapsed time is 0.647473 seconds.
Reading in motif data!
Reading in ppi data!
1603 TFs and 43519847 edges!
Computing coexpression network:
Normalizing Networks:
Learning Network with seuclidean !
Learning Network with seuclidean !
computation failed \n
Reading in expression data!
35238 genes and 97 conditions!
Elapsed time is 0.649381 seconds.
Reading in motif data!
Reading in ppi data!
1603 TFs and 43519847 edges!
Computing coexpression network:
Normalizing Networks:
Learning Network with cityblock !
Learning Network with cityblock !
computation failed \n
Reading in expression data!
35238 genes and 97 conditions!
Elapsed time is 0.658296 seconds.
Reading in motif data!
Reading in ppi data!
1603 TFs and 43519847 edges!
Computing coexpression network:
Normalizing Networks:
Learning Network with chebychev !
Learning Network with chebychev !
computation failed \n
Reading in expression data!
35238 genes and 97 conditions!
Elapsed time is 0.654010 seconds.
Reading in motif data!
Reading in ppi data!
1603 TFs and 43519847 edges!
Computing coexpression network:
Normalizing Networks:
Learning Network with cosine !
Learning Network with cosine !
computation failed \n
Reading in expression data!
35238 genes and 97 conditions!
Elapsed time is 0.643514 seconds.
Reading in motif data!
Reading in ppi data!
1603 TFs and 43519847 edges!
Computing coexpression network:
Normalizing Networks:
Learning Network with correlation !
Learning Network with correlation !
computation failed \n
Reading in expression data!
35238 genes and 97 conditions!
Elapsed time is 0.647020 seconds.
Reading in motif data!
Reading in ppi data!
1603 TFs and 43519847 edges!
Computing coexpression network:
Normalizing Networks:
Learning Network with Tfunction !
Learning Network with Tfunction !
computation failed \n
Reading in expression data!
35238 genes and 97 conditions!
Elapsed time is 0.646872 seconds.
Reading in motif data!
Reading in ppi data!
1603 TFs and 43519847 edges!
Computing coexpression network:
Normalizing Networks:
Learning Network with euclidean !
Learning Network with euclidean !
computation failed \n
Reading in expression data!
35238 genes and 97 conditions!
Elapsed time is 0.645950 seconds.
Reading in motif data!
Reading in ppi data!
1603 TFs and 43519847 edges!
Computing coexpression network:
Normalizing Networks:
Learning Network with squaredeuclidean !
Learning Network with squaredeuclidean !
computation failed \n
Reading in expression data!
35238 genes and 97 conditions!
Elapsed time is 0.648482 seconds.
Reading in motif data!
Reading in ppi data!
1603 TFs and 43519847 edges!
Computing coexpression network:
Normalizing Networks:
Learning Network with seuclidean !
Learning Network with seuclidean !
computation failed \n
Reading in expression data!
35238 genes and 97 conditions!
Elapsed time is 0.654280 seconds.
Reading in motif data!
Reading in ppi data!
1603 TFs and 43519847 edges!
Computing coexpression network:
Normalizing Networks:
Learning Network with cityblock !
Learning Network with cityblock !
computation failed \n
Reading in expression data!
35238 genes and 97 conditions!
Elapsed time is 0.646706 seconds.
Reading in motif data!
Reading in ppi data!
1603 TFs and 43519847 edges!
Computing coexpression network:
Normalizing Networks:
Learning Network with chebychev !
Learning Network with chebychev !
computation failed \n
Reading in expression data!
35238 genes and 97 conditions!
Elapsed time is 0.650868 seconds.
Reading in motif data!
Reading in ppi data!
1603 TFs and 43519847 edges!
Computing coexpression network:
Normalizing Networks:
Learning Network with cosine !
Learning Network with cosine !
computation failed \n
Reading in expression data!
35238 genes and 97 conditions!
Elapsed time is 0.650671 seconds.
Reading in motif data!
Reading in ppi data!
1603 TFs and 43519847 edges!
Computing coexpression network:
Normalizing Networks:
Learning Network with correlation !
Learning Network with correlation !
computation failed \n
Reading in expression data!
35238 genes and 97 conditions!
Elapsed time is 0.647222 seconds.
Reading in motif data!
Reading in ppi data!
1603 TFs and 43519847 edges!
Computing coexpression network:
Normalizing Networks:
Learning Network with Tfunction !
Learning Network with Tfunction !
computation failed \n
Reading in expression data!
35238 genes and 97 conditions!
Elapsed time is 0.644431 seconds.
Reading in motif data!
Reading in ppi data!
1603 TFs and 43519847 edges!
Computing coexpression network:
Normalizing Networks:
Learning Network with euclidean !
Learning Network with euclidean !
computation failed \n
Reading in expression data!
35238 genes and 97 conditions!
Elapsed time is 0.653796 seconds.
Reading in motif data!
Reading in ppi data!
1603 TFs and 43519847 edges!
Computing coexpression network:
Normalizing Networks:
Learning Network with squaredeuclidean !
Learning Network with squaredeuclidean !
computation failed \n
Reading in expression data!
35238 genes and 97 conditions!
Elapsed time is 0.656466 seconds.
Reading in motif data!
Reading in ppi data!
1603 TFs and 43519847 edges!
Computing coexpression network:
Normalizing Networks:
Learning Network with seuclidean !
Learning Network with seuclidean !
computation failed \n
Reading in expression data!
35238 genes and 97 conditions!
Elapsed time is 0.654343 seconds.
Reading in motif data!
Reading in ppi data!
1603 TFs and 43519847 edges!
Computing coexpression network:
Normalizing Networks:
Learning Network with cityblock !
Learning Network with cityblock !
computation failed \n
Reading in expression data!
35238 genes and 97 conditions!
Elapsed time is 0.655480 seconds.
Reading in motif data!
Reading in ppi data!
1603 TFs and 43519847 edges!
Computing coexpression network:
Normalizing Networks:
Learning Network with chebychev !
Learning Network with chebychev !
computation failed \n
Reading in expression data!
35238 genes and 97 conditions!
Elapsed time is 0.650717 seconds.
Reading in motif data!
Reading in ppi data!
1603 TFs and 43519847 edges!
Computing coexpression network:
Normalizing Networks:
Learning Network with cosine !
Learning Network with cosine !
computation failed \n
Reading in expression data!
35238 genes and 97 conditions!
Elapsed time is 0.643722 seconds.
Reading in motif data!
Reading in ppi data!
1603 TFs and 43519847 edges!
Computing coexpression network:
Normalizing Networks:
Learning Network with correlation !
Learning Network with correlation !
computation failed \n
Reading in expression data!
27149 genes and 127 conditions!
Elapsed time is 10.848597 seconds.
Reading in motif data!
Reading in ppi data!
652 TFs and 17701148 edges!
Computing coexpression network:
Normalizing Networks:
Learning Network with Tfunction !
Running PANDA on 27149 Genes and 652 TFs took 12.338170 seconds!
Reading in expression data!
27149 genes and 127 conditions!
Elapsed time is 1.055366 seconds.
Reading in motif data!
Reading in ppi data!
652 TFs and 17701148 edges!
Computing coexpression network:
Normalizing Networks:
Learning Network with euclidean !
Running PANDA on 27149 Genes and 652 TFs took 419.423923 seconds!
Reading in expression data!
27149 genes and 127 conditions!
Elapsed time is 1.082897 seconds.
Reading in motif data!
Reading in ppi data!
652 TFs and 17701148 edges!
Computing coexpression network:
Normalizing Networks:
Learning Network with squaredeuclidean !
Running PANDA on 27149 Genes and 652 TFs took 413.072963 seconds!
Reading in expression data!
27149 genes and 127 conditions!
Elapsed time is 1.070580 seconds.
Reading in motif data!
Reading in ppi data!
652 TFs and 17701148 edges!
Computing coexpression network:
Normalizing Networks:
Learning Network with seuclidean !
Running PANDA on 27149 Genes and 652 TFs took 429.066923 seconds!
Reading in expression data!
27149 genes and 127 conditions!
Elapsed time is 1.064706 seconds.
Reading in motif data!
Reading in ppi data!
652 TFs and 17701148 edges!
Computing coexpression network:
Normalizing Networks:
Learning Network with cityblock !
Running PANDA on 27149 Genes and 652 TFs took 419.766507 seconds!
Reading in expression data!
27149 genes and 127 conditions!
Elapsed time is 1.125179 seconds.
Reading in motif data!
Reading in ppi data!
652 TFs and 17701148 edges!
Computing coexpression network:
Normalizing Networks:
Learning Network with chebychev !
Running PANDA on 27149 Genes and 652 TFs took 414.415962 seconds!
Reading in expression data!
27149 genes and 127 conditions!
Elapsed time is 1.086343 seconds.
Reading in motif data!
Reading in ppi data!
652 TFs and 17701148 edges!
Computing coexpression network:
Normalizing Networks:
Learning Network with cosine !
Running PANDA on 27149 Genes and 652 TFs took 365.624476 seconds!
Reading in expression data!
27149 genes and 127 conditions!
Elapsed time is 1.086486 seconds.
Reading in motif data!
Reading in ppi data!
652 TFs and 17701148 edges!
Computing coexpression network:
Normalizing Networks:
Learning Network with correlation !
Learning Network with correlation !
Running PANDA on 27149 Genes and 652 TFs took 1192.975421 seconds!
Reading in expression data!
27149 genes and 127 conditions!
Elapsed time is 1.087781 seconds.
Reading in motif data!
Reading in ppi data!
652 TFs and 17701148 edges!
Computing coexpression network:
Normalizing Networks:
Learning Network with Tfunction !
Running PANDA on 27149 Genes and 652 TFs took 7.477356 seconds!
Reading in expression data!
27149 genes and 127 conditions!
Elapsed time is 1.118345 seconds.
Reading in motif data!
Reading in ppi data!
652 TFs and 17701148 edges!
Computing coexpression network:
Normalizing Networks:
Learning Network with euclidean !
Running PANDA on 27149 Genes and 652 TFs took 198.567617 seconds!
Reading in expression data!
27149 genes and 127 conditions!
Elapsed time is 1.073953 seconds.
Reading in motif data!
Reading in ppi data!
652 TFs and 17701148 edges!
Computing coexpression network:
Normalizing Networks:
Learning Network with squaredeuclidean !
Running PANDA on 27149 Genes and 652 TFs took 199.431132 seconds!
Reading in expression data!
27149 genes and 127 conditions!
Elapsed time is 1.081797 seconds.
Reading in motif data!
Reading in ppi data!
652 TFs and 17701148 edges!
Computing coexpression network:
Normalizing Networks:
Learning Network with seuclidean !
Running PANDA on 27149 Genes and 652 TFs took 203.052034 seconds!
Reading in expression data!
27149 genes and 127 conditions!
Elapsed time is 1.059584 seconds.
Reading in motif data!
Reading in ppi data!
652 TFs and 17701148 edges!
Computing coexpression network:
Normalizing Networks:
Learning Network with cityblock !
Running PANDA on 27149 Genes and 652 TFs took 204.682659 seconds!
Reading in expression data!
27149 genes and 127 conditions!
Elapsed time is 1.069262 seconds.
Reading in motif data!
Reading in ppi data!
652 TFs and 17701148 edges!
Computing coexpression network:
Normalizing Networks:
Learning Network with chebychev !
Running PANDA on 27149 Genes and 652 TFs took 200.467947 seconds!
Reading in expression data!
27149 genes and 127 conditions!
Elapsed time is 1.068952 seconds.
Reading in motif data!
Reading in ppi data!
652 TFs and 17701148 edges!
Computing coexpression network:
Normalizing Networks:
Learning Network with cosine !
Running PANDA on 27149 Genes and 652 TFs took 175.827520 seconds!
Reading in expression data!
27149 genes and 127 conditions!
Elapsed time is 1.140299 seconds.
Reading in motif data!
Reading in ppi data!
652 TFs and 17701148 edges!
Computing coexpression network:
Normalizing Networks:
Learning Network with correlation !
Learning Network with correlation !
Running PANDA on 27149 Genes and 652 TFs took 561.284515 seconds!
Reading in expression data!
27149 genes and 127 conditions!
Elapsed time is 1.076754 seconds.
Reading in motif data!
Reading in ppi data!
652 TFs and 17701148 edges!
Computing coexpression network:
Normalizing Networks:
Learning Network with Tfunction !
Running PANDA on 27149 Genes and 652 TFs took 6.016929 seconds!
Reading in expression data!
27149 genes and 127 conditions!
Elapsed time is 1.060943 seconds.
Reading in motif data!
Reading in ppi data!
652 TFs and 17701148 edges!
Computing coexpression network:
Normalizing Networks:
Learning Network with euclidean !
Running PANDA on 27149 Genes and 652 TFs took 128.763171 seconds!
Reading in expression data!
27149 genes and 127 conditions!
Elapsed time is 1.075548 seconds.
Reading in motif data!
Reading in ppi data!
652 TFs and 17701148 edges!
Computing coexpression network:
Normalizing Networks:
Learning Network with squaredeuclidean !
Running PANDA on 27149 Genes and 652 TFs took 123.946541 seconds!
Reading in expression data!
27149 genes and 127 conditions!
Elapsed time is 1.108901 seconds.
Reading in motif data!
Reading in ppi data!
652 TFs and 17701148 edges!
Computing coexpression network:
Normalizing Networks:
Learning Network with seuclidean !
Running PANDA on 27149 Genes and 652 TFs took 129.803850 seconds!
Reading in expression data!
27149 genes and 127 conditions!
Elapsed time is 1.066300 seconds.
Reading in motif data!
Reading in ppi data!
652 TFs and 17701148 edges!
Computing coexpression network:
Normalizing Networks:
Learning Network with cityblock !
Running PANDA on 27149 Genes and 652 TFs took 129.207631 seconds!
Reading in expression data!
27149 genes and 127 conditions!
Elapsed time is 1.075789 seconds.
Reading in motif data!
Reading in ppi data!
652 TFs and 17701148 edges!
Computing coexpression network:
Normalizing Networks:
Learning Network with chebychev !
Running PANDA on 27149 Genes and 652 TFs took 129.332020 seconds!
Reading in expression data!
27149 genes and 127 conditions!
Elapsed time is 1.088481 seconds.
Reading in motif data!
Reading in ppi data!
652 TFs and 17701148 edges!
Computing coexpression network:
Normalizing Networks:
Learning Network with cosine !
Running PANDA on 27149 Genes and 652 TFs took 111.746001 seconds!
Reading in expression data!
27149 genes and 127 conditions!
Elapsed time is 1.073186 seconds.
Reading in motif data!
Reading in ppi data!
652 TFs and 17701148 edges!
Computing coexpression network:
Normalizing Networks:
Learning Network with correlation !
Learning Network with correlation !
Running PANDA on 27149 Genes and 652 TFs took 357.503361 seconds!
Reading in expression data!
27149 genes and 127 conditions!
Elapsed time is 1.124652 seconds.
Reading in motif data!
Reading in ppi data!
652 TFs and 17701148 edges!
Computing coexpression network:
Normalizing Networks:
Learning Network with Tfunction !
Learning Network with Tfunction !
computation failed \n
Reading in expression data!
27149 genes and 127 conditions!
Elapsed time is 1.069534 seconds.
Reading in motif data!
Reading in ppi data!
652 TFs and 17701148 edges!
Computing coexpression network:
Normalizing Networks:
Learning Network with euclidean !
caught memory error, trying to fix ... 
Learning Network with euclidean !
caught memory error, trying to fix ... 
computation failed \n
Reading in expression data!
27149 genes and 127 conditions!
Elapsed time is 1.086946 seconds.
Reading in motif data!
Reading in ppi data!
652 TFs and 17701148 edges!
Computing coexpression network:
Normalizing Networks:
Learning Network with squaredeuclidean !
caught memory error, trying to fix ... 
Learning Network with squaredeuclidean !
caught memory error, trying to fix ... 
computation failed \n
Reading in expression data!
27149 genes and 127 conditions!
Elapsed time is 1.066273 seconds.
Reading in motif data!
Reading in ppi data!
652 TFs and 17701148 edges!
Computing coexpression network:
Normalizing Networks:
Learning Network with seuclidean !
caught memory error, trying to fix ... 
Learning Network with seuclidean !
caught memory error, trying to fix ... 
computation failed \n
Reading in expression data!
27149 genes and 127 conditions!
Elapsed time is 1.193965 seconds.
Reading in motif data!
Reading in ppi data!
652 TFs and 17701148 edges!
Computing coexpression network:
Normalizing Networks:
Learning Network with cityblock !
caught memory error, trying to fix ... 
Learning Network with cityblock !
caught memory error, trying to fix ... 
computation failed \n
Reading in expression data!
27149 genes and 127 conditions!
Elapsed time is 1.199600 seconds.
Reading in motif data!
Reading in ppi data!
652 TFs and 17701148 edges!
Computing coexpression network:
Normalizing Networks:
Learning Network with chebychev !
caught memory error, trying to fix ... 
Learning Network with chebychev !
caught memory error, trying to fix ... 
computation failed \n
Reading in expression data!
27149 genes and 127 conditions!
Elapsed time is 1.201715 seconds.
Reading in motif data!
Reading in ppi data!
652 TFs and 17701148 edges!
Computing coexpression network:
Normalizing Networks:
Learning Network with cosine !
Learning Network with cosine !
computation failed \n
Reading in expression data!
27149 genes and 127 conditions!
Elapsed time is 1.060088 seconds.
Reading in motif data!
Reading in ppi data!
652 TFs and 17701148 edges!
Computing coexpression network:
Normalizing Networks:
Learning Network with correlation !
Learning Network with correlation !
computation failed \n
Reading in expression data!
27149 genes and 127 conditions!
Elapsed time is 1.069391 seconds.
Reading in motif data!
Reading in ppi data!
652 TFs and 17701148 edges!
Computing coexpression network:
Normalizing Networks:
Learning Network with Tfunction !
Learning Network with Tfunction !
computation failed \n
Reading in expression data!
27149 genes and 127 conditions!
Elapsed time is 1.062979 seconds.
Reading in motif data!
Reading in ppi data!
652 TFs and 17701148 edges!
Computing coexpression network:
Normalizing Networks:
Learning Network with euclidean !
caught memory error, trying to fix ... 
Learning Network with euclidean !
caught memory error, trying to fix ... 
computation failed \n
Reading in expression data!
27149 genes and 127 conditions!
Elapsed time is 1.065564 seconds.
Reading in motif data!
Reading in ppi data!
652 TFs and 17701148 edges!
Computing coexpression network:
Normalizing Networks:
Learning Network with squaredeuclidean !
caught memory error, trying to fix ... 
Learning Network with squaredeuclidean !
caught memory error, trying to fix ... 
computation failed \n
Reading in expression data!
27149 genes and 127 conditions!
Elapsed time is 1.061628 seconds.
Reading in motif data!
Reading in ppi data!
652 TFs and 17701148 edges!
Computing coexpression network:
Normalizing Networks:
Learning Network with seuclidean !
caught memory error, trying to fix ... 
Learning Network with seuclidean !
caught memory error, trying to fix ... 
computation failed \n
Reading in expression data!
27149 genes and 127 conditions!
Elapsed time is 1.066234 seconds.
Reading in motif data!
Reading in ppi data!
652 TFs and 17701148 edges!
Computing coexpression network:
Normalizing Networks:
Learning Network with cityblock !
caught memory error, trying to fix ... 
Learning Network with cityblock !
caught memory error, trying to fix ... 
computation failed \n
Reading in expression data!
27149 genes and 127 conditions!
Elapsed time is 1.074886 seconds.
Reading in motif data!
Reading in ppi data!
652 TFs and 17701148 edges!
Computing coexpression network:
Normalizing Networks:
Learning Network with chebychev !
caught memory error, trying to fix ... 
Learning Network with chebychev !
caught memory error, trying to fix ... 
computation failed \n
Reading in expression data!
27149 genes and 127 conditions!
Elapsed time is 1.083438 seconds.
Reading in motif data!
Reading in ppi data!
652 TFs and 17701148 edges!
Computing coexpression network:
Normalizing Networks:
Learning Network with cosine !
Learning Network with cosine !
computation failed \n
Reading in expression data!
27149 genes and 127 conditions!
Elapsed time is 1.103331 seconds.
Reading in motif data!
Reading in ppi data!
652 TFs and 17701148 edges!
Computing coexpression network:
Normalizing Networks:
Learning Network with correlation !
Learning Network with correlation !
computation failed \n
Reading in expression data!
27149 genes and 127 conditions!
Elapsed time is 1.087352 seconds.
Reading in motif data!
Reading in ppi data!
652 TFs and 17701148 edges!
Computing coexpression network:
Normalizing Networks:
Learning Network with Tfunction !
Learning Network with Tfunction !
computation failed \n
Reading in expression data!
27149 genes and 127 conditions!
Elapsed time is 1.077017 seconds.
Reading in motif data!
Reading in ppi data!
652 TFs and 17701148 edges!
Computing coexpression network:
Normalizing Networks:
Learning Network with euclidean !
caught memory error, trying to fix ... 
Learning Network with euclidean !
caught memory error, trying to fix ... 
computation failed \n
Reading in expression data!
27149 genes and 127 conditions!
Elapsed time is 1.063346 seconds.
Reading in motif data!
Reading in ppi data!
652 TFs and 17701148 edges!
Computing coexpression network:
Normalizing Networks:
Learning Network with squaredeuclidean !
caught memory error, trying to fix ... 
Learning Network with squaredeuclidean !
caught memory error, trying to fix ... 
computation failed \n
Reading in expression data!
27149 genes and 127 conditions!
Elapsed time is 1.081238 seconds.
Reading in motif data!
Reading in ppi data!
652 TFs and 17701148 edges!
Computing coexpression network:
Normalizing Networks:
Learning Network with seuclidean !
caught memory error, trying to fix ... 
Learning Network with seuclidean !
caught memory error, trying to fix ... 
computation failed \n
Reading in expression data!
27149 genes and 127 conditions!
Elapsed time is 1.062052 seconds.
Reading in motif data!
Reading in ppi data!
652 TFs and 17701148 edges!
Computing coexpression network:
Normalizing Networks:
Learning Network with cityblock !
caught memory error, trying to fix ... 
Learning Network with cityblock !
caught memory error, trying to fix ... 
computation failed \n
Reading in expression data!
27149 genes and 127 conditions!
Elapsed time is 1.068006 seconds.
Reading in motif data!
Reading in ppi data!
652 TFs and 17701148 edges!
Computing coexpression network:
Normalizing Networks:
Learning Network with chebychev !
caught memory error, trying to fix ... 
Learning Network with chebychev !
caught memory error, trying to fix ... 
computation failed \n
Reading in expression data!
27149 genes and 127 conditions!
Elapsed time is 1.055949 seconds.
Reading in motif data!
Reading in ppi data!
652 TFs and 17701148 edges!
Computing coexpression network:
Normalizing Networks:
Learning Network with cosine !
Learning Network with cosine !
computation failed \n
Reading in expression data!
27149 genes and 127 conditions!
Elapsed time is 1.067615 seconds.
Reading in motif data!
Reading in ppi data!
652 TFs and 17701148 edges!
Computing coexpression network:
Normalizing Networks:
Learning Network with correlation !
Learning Network with correlation !
computation failed \n
Reading in expression data!
27149 genes and 127 conditions!
Elapsed time is 1.066017 seconds.
Reading in motif data!
Reading in ppi data!
652 TFs and 652000 edges!
Computing coexpression network:
Normalizing Networks:
Learning Network with Tfunction !
Running PANDA on 1000 Genes and 652 TFs took 0.617947 seconds!
Reading in expression data!
27149 genes and 127 conditions!
Elapsed time is 1.066496 seconds.
Reading in motif data!
Reading in ppi data!
652 TFs and 652000 edges!
Computing coexpression network:
Normalizing Networks:
Learning Network with euclidean !
Running PANDA on 1000 Genes and 652 TFs took 0.889360 seconds!
Reading in expression data!
27149 genes and 127 conditions!
Elapsed time is 1.121162 seconds.
Reading in motif data!
Reading in ppi data!
652 TFs and 652000 edges!
Computing coexpression network:
Normalizing Networks:
Learning Network with squaredeuclidean !
Running PANDA on 1000 Genes and 652 TFs took 0.930618 seconds!
Reading in expression data!
27149 genes and 127 conditions!
Elapsed time is 1.079798 seconds.
Reading in motif data!
Reading in ppi data!
652 TFs and 652000 edges!
Computing coexpression network:
Normalizing Networks:
Learning Network with seuclidean !
Running PANDA on 1000 Genes and 652 TFs took 1.342310 seconds!
Reading in expression data!
27149 genes and 127 conditions!
Elapsed time is 1.065118 seconds.
Reading in motif data!
Reading in ppi data!
652 TFs and 652000 edges!
Computing coexpression network:
Normalizing Networks:
Learning Network with cityblock !
Running PANDA on 1000 Genes and 652 TFs took 0.930511 seconds!
Reading in expression data!
27149 genes and 127 conditions!
Elapsed time is 1.077187 seconds.
Reading in motif data!
Reading in ppi data!
652 TFs and 652000 edges!
Computing coexpression network:
Normalizing Networks:
Learning Network with chebychev !
Running PANDA on 1000 Genes and 652 TFs took 0.940999 seconds!
Reading in expression data!
27149 genes and 127 conditions!
Elapsed time is 1.074364 seconds.
Reading in motif data!
Reading in ppi data!
652 TFs and 652000 edges!
Computing coexpression network:
Normalizing Networks:
Learning Network with cosine !
Running PANDA on 1000 Genes and 652 TFs took 1.463102 seconds!
Reading in expression data!
27149 genes and 127 conditions!
Elapsed time is 1.085221 seconds.
Reading in motif data!
Reading in ppi data!
652 TFs and 652000 edges!
Computing coexpression network:
Normalizing Networks:
Learning Network with correlation !
Running PANDA on 1000 Genes and 652 TFs took 1.612171 seconds!
Reading in expression data!
27149 genes and 127 conditions!
Elapsed time is 1.079587 seconds.
Reading in motif data!
Reading in ppi data!
652 TFs and 652000 edges!
Computing coexpression network:
Normalizing Networks:
Learning Network with Tfunction !
Running PANDA on 1000 Genes and 652 TFs took 0.543660 seconds!
Reading in expression data!
27149 genes and 127 conditions!
Elapsed time is 1.062426 seconds.
Reading in motif data!
Reading in ppi data!
652 TFs and 652000 edges!
Computing coexpression network:
Normalizing Networks:
Learning Network with euclidean !
Running PANDA on 1000 Genes and 652 TFs took 0.518521 seconds!
Reading in expression data!
27149 genes and 127 conditions!
Elapsed time is 1.075913 seconds.
Reading in motif data!
Reading in ppi data!
652 TFs and 652000 edges!
Computing coexpression network:
Normalizing Networks:
Learning Network with squaredeuclidean !
Running PANDA on 1000 Genes and 652 TFs took 0.510251 seconds!
Reading in expression data!
27149 genes and 127 conditions!
Elapsed time is 1.078959 seconds.
Reading in motif data!
Reading in ppi data!
652 TFs and 652000 edges!
Computing coexpression network:
Normalizing Networks:
Learning Network with seuclidean !
Running PANDA on 1000 Genes and 652 TFs took 0.698605 seconds!
Reading in expression data!
27149 genes and 127 conditions!
Elapsed time is 1.057318 seconds.
Reading in motif data!
Reading in ppi data!
652 TFs and 652000 edges!
Computing coexpression network:
Normalizing Networks:
Learning Network with cityblock !
Running PANDA on 1000 Genes and 652 TFs took 0.472123 seconds!
Reading in expression data!
27149 genes and 127 conditions!
Elapsed time is 1.075956 seconds.
Reading in motif data!
Reading in ppi data!
652 TFs and 652000 edges!
Computing coexpression network:
Normalizing Networks:
Learning Network with chebychev !
Running PANDA on 1000 Genes and 652 TFs took 0.520243 seconds!
Reading in expression data!
27149 genes and 127 conditions!
Elapsed time is 1.074476 seconds.
Reading in motif data!
Reading in ppi data!
652 TFs and 652000 edges!
Computing coexpression network:
Normalizing Networks:
Learning Network with cosine !
Running PANDA on 1000 Genes and 652 TFs took 0.901882 seconds!
Reading in expression data!
27149 genes and 127 conditions!
Elapsed time is 1.084287 seconds.
Reading in motif data!
Reading in ppi data!
652 TFs and 652000 edges!
Computing coexpression network:
Normalizing Networks:
Learning Network with correlation !
Running PANDA on 1000 Genes and 652 TFs took 0.966435 seconds!
Reading in expression data!
27149 genes and 127 conditions!
Elapsed time is 1.096515 seconds.
Reading in motif data!
Reading in ppi data!
652 TFs and 652000 edges!
Computing coexpression network:
Normalizing Networks:
Learning Network with Tfunction !
Running PANDA on 1000 Genes and 652 TFs took 0.525818 seconds!
Reading in expression data!
27149 genes and 127 conditions!
Elapsed time is 1.066193 seconds.
Reading in motif data!
Reading in ppi data!
652 TFs and 652000 edges!
Computing coexpression network:
Normalizing Networks:
Learning Network with euclidean !
Running PANDA on 1000 Genes and 652 TFs took 0.384225 seconds!
Reading in expression data!
27149 genes and 127 conditions!
Elapsed time is 1.070722 seconds.
Reading in motif data!
Reading in ppi data!
652 TFs and 652000 edges!
Computing coexpression network:
Normalizing Networks:
Learning Network with squaredeuclidean !
Running PANDA on 1000 Genes and 652 TFs took 0.371414 seconds!
Reading in expression data!
27149 genes and 127 conditions!
Elapsed time is 1.116956 seconds.
Reading in motif data!
Reading in ppi data!
652 TFs and 652000 edges!
Computing coexpression network:
Normalizing Networks:
Learning Network with seuclidean !
Running PANDA on 1000 Genes and 652 TFs took 0.450550 seconds!
Reading in expression data!
27149 genes and 127 conditions!
Elapsed time is 1.055271 seconds.
Reading in motif data!
Reading in ppi data!
652 TFs and 652000 edges!
Computing coexpression network:
Normalizing Networks:
Learning Network with cityblock !
Running PANDA on 1000 Genes and 652 TFs took 0.381769 seconds!
Reading in expression data!
27149 genes and 127 conditions!
Elapsed time is 1.088249 seconds.
Reading in motif data!
Reading in ppi data!
652 TFs and 652000 edges!
Computing coexpression network:
Normalizing Networks:
Learning Network with chebychev !
Running PANDA on 1000 Genes and 652 TFs took 0.384358 seconds!
Reading in expression data!
27149 genes and 127 conditions!
Elapsed time is 1.129930 seconds.
Reading in motif data!
Reading in ppi data!
652 TFs and 652000 edges!
Computing coexpression network:
Normalizing Networks:
Learning Network with cosine !
Running PANDA on 1000 Genes and 652 TFs took 0.714616 seconds!
Reading in expression data!
27149 genes and 127 conditions!
Elapsed time is 1.076105 seconds.
Reading in motif data!
Reading in ppi data!
652 TFs and 652000 edges!
Computing coexpression network:
Normalizing Networks:
Learning Network with correlation !
Running PANDA on 1000 Genes and 652 TFs took 0.703980 seconds!
Reading in expression data!
27149 genes and 127 conditions!
Elapsed time is 1.117757 seconds.
Reading in motif data!
Reading in ppi data!
652 TFs and 652000 edges!
Computing coexpression network:
Normalizing Networks:
Learning Network with Tfunction !
Running PANDA on 1000 Genes and 652 TFs took 0.579151 seconds!
Reading in expression data!
27149 genes and 127 conditions!
Elapsed time is 1.071611 seconds.
Reading in motif data!
Reading in ppi data!
652 TFs and 652000 edges!
Computing coexpression network:
Normalizing Networks:
Learning Network with euclidean !
Running PANDA on 1000 Genes and 652 TFs took 0.963553 seconds!
Reading in expression data!
27149 genes and 127 conditions!
Elapsed time is 1.069682 seconds.
Reading in motif data!
Reading in ppi data!
652 TFs and 652000 edges!
Computing coexpression network:
Normalizing Networks:
Learning Network with squaredeuclidean !
Running PANDA on 1000 Genes and 652 TFs took 0.952768 seconds!
Reading in expression data!
27149 genes and 127 conditions!
Elapsed time is 1.074495 seconds.
Reading in motif data!
Reading in ppi data!
652 TFs and 652000 edges!
Computing coexpression network:
Normalizing Networks:
Learning Network with seuclidean !
Running PANDA on 1000 Genes and 652 TFs took 1.392539 seconds!
Reading in expression data!
27149 genes and 127 conditions!
Elapsed time is 1.057741 seconds.
Reading in motif data!
Reading in ppi data!
652 TFs and 652000 edges!
Computing coexpression network:
Normalizing Networks:
Learning Network with cityblock !
Running PANDA on 1000 Genes and 652 TFs took 0.955424 seconds!
Reading in expression data!
27149 genes and 127 conditions!
Elapsed time is 1.091854 seconds.
Reading in motif data!
Reading in ppi data!
652 TFs and 652000 edges!
Computing coexpression network:
Normalizing Networks:
Learning Network with chebychev !
Running PANDA on 1000 Genes and 652 TFs took 0.968718 seconds!
Reading in expression data!
27149 genes and 127 conditions!
Elapsed time is 1.111336 seconds.
Reading in motif data!
Reading in ppi data!
652 TFs and 652000 edges!
Computing coexpression network:
Normalizing Networks:
Learning Network with cosine !
Running PANDA on 1000 Genes and 652 TFs took 1.473866 seconds!
Reading in expression data!
27149 genes and 127 conditions!
Elapsed time is 1.127979 seconds.
Reading in motif data!
Reading in ppi data!
652 TFs and 652000 edges!
Computing coexpression network:
Normalizing Networks:
Learning Network with correlation !
Running PANDA on 1000 Genes and 652 TFs took 1.546144 seconds!
Reading in expression data!
27149 genes and 127 conditions!
Elapsed time is 1.076514 seconds.
Reading in motif data!
Reading in ppi data!
652 TFs and 652000 edges!
Computing coexpression network:
Normalizing Networks:
Learning Network with Tfunction !
Running PANDA on 1000 Genes and 652 TFs took 0.502773 seconds!
Reading in expression data!
27149 genes and 127 conditions!
Elapsed time is 1.065837 seconds.
Reading in motif data!
Reading in ppi data!
652 TFs and 652000 edges!
Computing coexpression network:
Normalizing Networks:
Learning Network with euclidean !
Running PANDA on 1000 Genes and 652 TFs took 0.482026 seconds!
Reading in expression data!
27149 genes and 127 conditions!
Elapsed time is 1.059406 seconds.
Reading in motif data!
Reading in ppi data!
652 TFs and 652000 edges!
Computing coexpression network:
Normalizing Networks:
Learning Network with squaredeuclidean !
Running PANDA on 1000 Genes and 652 TFs took 0.517241 seconds!
Reading in expression data!
27149 genes and 127 conditions!
Elapsed time is 1.063854 seconds.
Reading in motif data!
Reading in ppi data!
652 TFs and 652000 edges!
Computing coexpression network:
Normalizing Networks:
Learning Network with seuclidean !
Running PANDA on 1000 Genes and 652 TFs took 0.746018 seconds!
Reading in expression data!
27149 genes and 127 conditions!
Elapsed time is 1.049546 seconds.
Reading in motif data!
Reading in ppi data!
652 TFs and 652000 edges!
Computing coexpression network:
Normalizing Networks:
Learning Network with cityblock !
Running PANDA on 1000 Genes and 652 TFs took 0.480600 seconds!
Reading in expression data!
27149 genes and 127 conditions!
Elapsed time is 1.085102 seconds.
Reading in motif data!
Reading in ppi data!
652 TFs and 652000 edges!
Computing coexpression network:
Normalizing Networks:
Learning Network with chebychev !
Running PANDA on 1000 Genes and 652 TFs took 0.532526 seconds!
Reading in expression data!
27149 genes and 127 conditions!
Elapsed time is 1.068483 seconds.
Reading in motif data!
Reading in ppi data!
652 TFs and 652000 edges!
Computing coexpression network:
Normalizing Networks:
Learning Network with cosine !
Running PANDA on 1000 Genes and 652 TFs took 0.827361 seconds!
Reading in expression data!
27149 genes and 127 conditions!
Elapsed time is 1.112928 seconds.
Reading in motif data!
Reading in ppi data!
652 TFs and 652000 edges!
Computing coexpression network:
Normalizing Networks:
Learning Network with correlation !
Running PANDA on 1000 Genes and 652 TFs took 0.886499 seconds!
Reading in expression data!
27149 genes and 127 conditions!
Elapsed time is 1.073456 seconds.
Reading in motif data!
Reading in ppi data!
652 TFs and 652000 edges!
Computing coexpression network:
Normalizing Networks:
Learning Network with Tfunction !
Running PANDA on 1000 Genes and 652 TFs took 0.477226 seconds!
Reading in expression data!
27149 genes and 127 conditions!
Elapsed time is 1.060725 seconds.
Reading in motif data!
Reading in ppi data!
652 TFs and 652000 edges!
Computing coexpression network:
Normalizing Networks:
Learning Network with euclidean !
Running PANDA on 1000 Genes and 652 TFs took 0.340307 seconds!
Reading in expression data!
27149 genes and 127 conditions!
Elapsed time is 1.081248 seconds.
Reading in motif data!
Reading in ppi data!
652 TFs and 652000 edges!
Computing coexpression network:
Normalizing Networks:
Learning Network with squaredeuclidean !
Running PANDA on 1000 Genes and 652 TFs took 0.378631 seconds!
Reading in expression data!
27149 genes and 127 conditions!
Elapsed time is 1.069050 seconds.
Reading in motif data!
Reading in ppi data!
652 TFs and 652000 edges!
Computing coexpression network:
Normalizing Networks:
Learning Network with seuclidean !
Running PANDA on 1000 Genes and 652 TFs took 0.526621 seconds!
Reading in expression data!
27149 genes and 127 conditions!
Elapsed time is 1.056197 seconds.
Reading in motif data!
Reading in ppi data!
652 TFs and 652000 edges!
Computing coexpression network:
Normalizing Networks:
Learning Network with cityblock !
Running PANDA on 1000 Genes and 652 TFs took 0.327528 seconds!
Reading in expression data!
27149 genes and 127 conditions!
Elapsed time is 1.062935 seconds.
Reading in motif data!
Reading in ppi data!
652 TFs and 652000 edges!
Computing coexpression network:
Normalizing Networks:
Learning Network with chebychev !
Running PANDA on 1000 Genes and 652 TFs took 0.341084 seconds!
Reading in expression data!
27149 genes and 127 conditions!
Elapsed time is 1.075473 seconds.
Reading in motif data!
Reading in ppi data!
652 TFs and 652000 edges!
Computing coexpression network:
Normalizing Networks:
Learning Network with cosine !
Running PANDA on 1000 Genes and 652 TFs took 0.574571 seconds!
Reading in expression data!
27149 genes and 127 conditions!
Elapsed time is 1.076613 seconds.
Reading in motif data!
Reading in ppi data!
652 TFs and 652000 edges!
Computing coexpression network:
Normalizing Networks:
Learning Network with correlation !
Running PANDA on 1000 Genes and 652 TFs took 0.669058 seconds!
  Name                      Size                Bytes  Class         Attributes

  AgNet                   652x1000            5216000  double                  
  Exp                     127x1000            1016000  double                  
  GeneCoReg              1000x1000            8000000  double                  
  GeneNames              1000x1                131030  cell                    
  ME                        1x1                  3084  MException              
  RegNet                  652x1000            5216000  double                  
  TFCoop                  652x652             3400832  double                  
  TFNames                 652x1                 79156  cell                    
  alpha                     1x1                     8  double                  
  alphas                    1x3                    24  double                  
  computing                 1x3                     6  char                    
  exp_file                  1x17                   34  char                    
  exp_files                 1x3                   422  cell                    
  hardware                  1x4                     8  char                    
  i                         1x1                     8  double                  
  k                         1x1                     8  double                  
  lib_path                  1x10                   20  char                    
  modeProcess               1x12                   24  char                    
  modeProcesses             1x3                   380  cell                    
  model_alias               1x3                   368  cell                    
  motif_file                1x30                   60  char                    
  motif_files               1x3                   492  cell                    
  nExps                     1x1                     8  double                  
  panda_out                 0x0                     0  char                    
  ppi_file                  1x26                   52  char                    
  ppi_files                 1x3                   472  cell                    
  precision                 1x1                   124  cell                    
  precisions                1x2                   248  cell                    
  resTable                144x5                 91052  table                   
  runtime                   1x1                     8  double                  
  saveMemory                1x1                     8  double                  
  save_pairs                1x1                     8  double                  
  save_temp                 0x0                     0  char                    
  similarityMetric          1x1                   134  cell                    
  similarityMetrics         1x8                  1054  cell                    


resTable =

  144x5 table

      runtime        model      precision     alpha          similarity    
    ____________    ________    _________    ________    __________________

    [       NaN]    'large'     'single'     [0.1000]    'Tfunction'       
    [       NaN]    'large'     'single'     [0.1000]    'euclidean'       
    [       NaN]    'large'     'single'     [0.1000]    'squaredeuclidean'
    [       NaN]    'large'     'single'     [0.1000]    'seuclidean'      
    [       NaN]    'large'     'single'     [0.1000]    'cityblock'       
    [       NaN]    'large'     'single'     [0.1000]    'chebychev'       
    [       NaN]    'large'     'single'     [0.1000]    'cosine'          
    [       NaN]    'large'     'single'     [0.1000]    'correlation'     
    [       NaN]    'large'     'single'     [0.2000]    'Tfunction'       
    [       NaN]    'large'     'single'     [0.2000]    'euclidean'       
    [       NaN]    'large'     'single'     [0.2000]    'squaredeuclidean'
    [       NaN]    'large'     'single'     [0.2000]    'seuclidean'      
    [       NaN]    'large'     'single'     [0.2000]    'cityblock'       
    [       NaN]    'large'     'single'     [0.2000]    'chebychev'       
    [       NaN]    'large'     'single'     [0.2000]    'cosine'          
    [       NaN]    'large'     'single'     [0.2000]    'correlation'     
    [       NaN]    'large'     'single'     [0.3000]    'Tfunction'       
    [       NaN]    'large'     'single'     [0.3000]    'euclidean'       
    [       NaN]    'large'     'single'     [0.3000]    'squaredeuclidean'
    [       NaN]    'large'     'single'     [0.3000]    'seuclidean'      
    [       NaN]    'large'     'single'     [0.3000]    'cityblock'       
    [       NaN]    'large'     'single'     [0.3000]    'chebychev'       
    [       NaN]    'large'     'single'     [0.3000]    'cosine'          
    [       NaN]    'large'     'single'     [0.3000]    'correlation'     
    [       NaN]    'large'     'double'     [0.1000]    'Tfunction'       
    [       NaN]    'large'     'double'     [0.1000]    'euclidean'       
    [       NaN]    'large'     'double'     [0.1000]    'squaredeuclidean'
    [       NaN]    'large'     'double'     [0.1000]    'seuclidean'      
    [       NaN]    'large'     'double'     [0.1000]    'cityblock'       
    [       NaN]    'large'     'double'     [0.1000]    'chebychev'       
    [       NaN]    'large'     'double'     [0.1000]    'cosine'          
    [       NaN]    'large'     'double'     [0.1000]    'correlation'     
    [       NaN]    'large'     'double'     [0.2000]    'Tfunction'       
    [       NaN]    'large'     'double'     [0.2000]    'euclidean'       
    [       NaN]    'large'     'double'     [0.2000]    'squaredeuclidean'
    [       NaN]    'large'     'double'     [0.2000]    'seuclidean'      
    [       NaN]    'large'     'double'     [0.2000]    'cityblock'       
    [       NaN]    'large'     'double'     [0.2000]    'chebychev'       
    [       NaN]    'large'     'double'     [0.2000]    'cosine'          
    [       NaN]    'large'     'double'     [0.2000]    'correlation'     
    [       NaN]    'large'     'double'     [0.3000]    'Tfunction'       
    [       NaN]    'large'     'double'     [0.3000]    'euclidean'       
    [       NaN]    'large'     'double'     [0.3000]    'squaredeuclidean'
    [       NaN]    'large'     'double'     [0.3000]    'seuclidean'      
    [       NaN]    'large'     'double'     [0.3000]    'cityblock'       
    [       NaN]    'large'     'double'     [0.3000]    'chebychev'       
    [       NaN]    'large'     'double'     [0.3000]    'cosine'          
    [       NaN]    'large'     'double'     [0.3000]    'correlation'     
    [   12.4120]    'medium'    'single'     [0.1000]    'Tfunction'       
    [  419.5066]    'medium'    'single'     [0.1000]    'euclidean'       
    [  413.1563]    'medium'    'single'     [0.1000]    'squaredeuclidean'
    [  429.1357]    'medium'    'single'     [0.1000]    'seuclidean'      
    [  419.8500]    'medium'    'single'     [0.1000]    'cityblock'       
    [  414.4989]    'medium'    'single'     [0.1000]    'chebychev'       
    [  365.7115]    'medium'    'single'     [0.1000]    'cosine'          
    [1.1931e+03]    'medium'    'single'     [0.1000]    'correlation'     
    [    7.5573]    'medium'    'single'     [0.2000]    'Tfunction'       
    [  198.6489]    'medium'    'single'     [0.2000]    'euclidean'       
    [  199.5167]    'medium'    'single'     [0.2000]    'squaredeuclidean'
    [  203.1224]    'medium'    'single'     [0.2000]    'seuclidean'      
    [  204.7650]    'medium'    'single'     [0.2000]    'cityblock'       
    [  200.5522]    'medium'    'single'     [0.2000]    'chebychev'       
    [  175.9134]    'medium'    'single'     [0.2000]    'cosine'          
    [  561.3755]    'medium'    'single'     [0.2000]    'correlation'     
    [    6.0961]    'medium'    'single'     [0.3000]    'Tfunction'       
    [  128.8456]    'medium'    'single'     [0.3000]    'euclidean'       
    [  124.0289]    'medium'    'single'     [0.3000]    'squaredeuclidean'
    [  129.8747]    'medium'    'single'     [0.3000]    'seuclidean'      
    [  129.2910]    'medium'    'single'     [0.3000]    'cityblock'       
    [  129.4171]    'medium'    'single'     [0.3000]    'chebychev'       
    [  111.8320]    'medium'    'single'     [0.3000]    'cosine'          
    [  357.5933]    'medium'    'single'     [0.3000]    'correlation'     
    [       NaN]    'medium'    'double'     [0.1000]    'Tfunction'       
    [       NaN]    'medium'    'double'     [0.1000]    'euclidean'       
    [       NaN]    'medium'    'double'     [0.1000]    'squaredeuclidean'
    [       NaN]    'medium'    'double'     [0.1000]    'seuclidean'      
    [       NaN]    'medium'    'double'     [0.1000]    'cityblock'       
    [       NaN]    'medium'    'double'     [0.1000]    'chebychev'       
    [       NaN]    'medium'    'double'     [0.1000]    'cosine'          
    [       NaN]    'medium'    'double'     [0.1000]    'correlation'     
    [       NaN]    'medium'    'double'     [0.2000]    'Tfunction'       
    [       NaN]    'medium'    'double'     [0.2000]    'euclidean'       
    [       NaN]    'medium'    'double'     [0.2000]    'squaredeuclidean'
    [       NaN]    'medium'    'double'     [0.2000]    'seuclidean'      
    [       NaN]    'medium'    'double'     [0.2000]    'cityblock'       
    [       NaN]    'medium'    'double'     [0.2000]    'chebychev'       
    [       NaN]    'medium'    'double'     [0.2000]    'cosine'          
    [       NaN]    'medium'    'double'     [0.2000]    'correlation'     
    [       NaN]    'medium'    'double'     [0.3000]    'Tfunction'       
    [       NaN]    'medium'    'double'     [0.3000]    'euclidean'       
    [       NaN]    'medium'    'double'     [0.3000]    'squaredeuclidean'
    [       NaN]    'medium'    'double'     [0.3000]    'seuclidean'      
    [       NaN]    'medium'    'double'     [0.3000]    'cityblock'       
    [       NaN]    'medium'    'double'     [0.3000]    'chebychev'       
    [       NaN]    'medium'    'double'     [0.3000]    'cosine'          
    [       NaN]    'medium'    'double'     [0.3000]    'correlation'     
    [    0.6278]    'small'     'single'     [0.1000]    'Tfunction'       
    [    0.8948]    'small'     'single'     [0.1000]    'euclidean'       
    [    0.9361]    'small'     'single'     [0.1000]    'squaredeuclidean'
    [    1.3459]    'small'     'single'     [0.1000]    'seuclidean'      
    [    0.9360]    'small'     'single'     [0.1000]    'cityblock'       
    [    0.9465]    'small'     'single'     [0.1000]    'chebychev'       
    [    1.4707]    'small'     'single'     [0.1000]    'cosine'          
    [    1.6178]    'small'     'single'     [0.1000]    'correlation'     
    [    0.5473]    'small'     'single'     [0.2000]    'Tfunction'       
    [    0.5240]    'small'     'single'     [0.2000]    'euclidean'       
    [    0.5157]    'small'     'single'     [0.2000]    'squaredeuclidean'
    [    0.7021]    'small'     'single'     [0.2000]    'seuclidean'      
    [    0.4776]    'small'     'single'     [0.2000]    'cityblock'       
    [    0.5257]    'small'     'single'     [0.2000]    'chebychev'       
    [    0.9094]    'small'     'single'     [0.2000]    'cosine'          
    [    0.9720]    'small'     'single'     [0.2000]    'correlation'     
    [    0.5293]    'small'     'single'     [0.3000]    'Tfunction'       
    [    0.3897]    'small'     'single'     [0.3000]    'euclidean'       
    [    0.3769]    'small'     'single'     [0.3000]    'squaredeuclidean'
    [    0.4541]    'small'     'single'     [0.3000]    'seuclidean'      
    [    0.3873]    'small'     'single'     [0.3000]    'cityblock'       
    [    0.3897]    'small'     'single'     [0.3000]    'chebychev'       
    [    0.7221]    'small'     'single'     [0.3000]    'cosine'          
    [    0.7096]    'small'     'single'     [0.3000]    'correlation'     
    [    0.5862]    'small'     'double'     [0.1000]    'Tfunction'       
    [    0.9704]    'small'     'double'     [0.1000]    'euclidean'       
    [    0.9592]    'small'     'double'     [0.1000]    'squaredeuclidean'
    [    1.3949]    'small'     'double'     [0.1000]    'seuclidean'      
    [    0.9619]    'small'     'double'     [0.1000]    'cityblock'       
    [    0.9752]    'small'     'double'     [0.1000]    'chebychev'       
    [    1.4801]    'small'     'double'     [0.1000]    'cosine'          
    [    1.5530]    'small'     'double'     [0.1000]    'correlation'     
    [    0.5085]    'small'     'double'     [0.2000]    'Tfunction'       
    [    0.4886]    'small'     'double'     [0.2000]    'euclidean'       
    [    0.5236]    'small'     'double'     [0.2000]    'squaredeuclidean'
    [    0.7482]    'small'     'double'     [0.2000]    'seuclidean'      
    [    0.4871]    'small'     'double'     [0.2000]    'cityblock'       
    [    0.5390]    'small'     'double'     [0.2000]    'chebychev'       
    [    0.8336]    'small'     'double'     [0.2000]    'cosine'          
    [    0.8933]    'small'     'double'     [0.2000]    'correlation'     
    [    0.4828]    'small'     'double'     [0.3000]    'Tfunction'       
    [    0.3467]    'small'     'double'     [0.3000]    'euclidean'       
    [    0.3852]    'small'     'double'     [0.3000]    'squaredeuclidean'
    [    0.5289]    'small'     'double'     [0.3000]    'seuclidean'      
    [    0.3340]    'small'     'double'     [0.3000]    'cityblock'       
    [    0.3476]    'small'     'double'     [0.3000]    'chebychev'       
    [    0.5808]    'small'     'double'     [0.3000]    'cosine'          
    [    0.6759]    'small'     'double'     [0.3000]    'correlation'     

