
                                               < M A T L A B (R) >
                                     Copyright 1984-2019 The MathWorks, Inc.
                                     R2019a (9.6.0.1072779) 64-bit (glnxa64)
                                                  March 8, 2019

 
To get started, type doc.
For product information, visit www.mathworks.com.
 
Performing dry run to compile libraries 
14-Feb-2020 15:15:24
Input expression file: test_data/expression.txt
Input motif file: test_data/motifTest.txt
Input PPI file: test_data/ppi.txt
Output PANDA network: 
Output temp data: 
Alpha: 0.10
Reading in expression data!
1000 genes and 50 conditions!
Elapsed time is 9.766273 seconds.
Reading in motif data!
Reading in ppi data!
661 TFs and 103400 edges!
Computing coexpression network:
Elapsed time is 3.162133 seconds.
Normalizing Networks:
Elapsed time is 0.153385 seconds.
Running PANDA algorithm:
Learning Network with Tfunction !
Running PANDA on 1000 Genes and 661 TFs took 24.966207 seconds!
All done!
14-Feb-2020 15:16:11
Starting benchmarks 
Reading in expression data!
35238 genes and 97 conditions!
Elapsed time is 3.096154 seconds.
Reading in motif data!
Reading in ppi data!
1603 TFs and 43519847 edges!
Computing coexpression network:
Normalizing Networks:
Learning Network with Tfunction !
Learning Network with Tfunction !
computation failed \n
Reading in expression data!
35238 genes and 97 conditions!
Elapsed time is 0.750439 seconds.
Reading in motif data!
Reading in ppi data!
1603 TFs and 43519847 edges!
Computing coexpression network:
Normalizing Networks:
Learning Network with euclidean !
Learning Network with euclidean !
computation failed \n
Reading in expression data!
35238 genes and 97 conditions!
Elapsed time is 0.721692 seconds.
Reading in motif data!
Reading in ppi data!
1603 TFs and 43519847 edges!
Computing coexpression network:
Normalizing Networks:
Learning Network with squaredeuclidean !
Learning Network with squaredeuclidean !
computation failed \n
Reading in expression data!
35238 genes and 97 conditions!
Elapsed time is 0.777912 seconds.
Reading in motif data!
Reading in ppi data!
1603 TFs and 43519847 edges!
Computing coexpression network:
Normalizing Networks:
Learning Network with seuclidean !
Learning Network with seuclidean !
computation failed \n
Reading in expression data!
35238 genes and 97 conditions!
Elapsed time is 0.742111 seconds.
Reading in motif data!
Reading in ppi data!
1603 TFs and 43519847 edges!
Computing coexpression network:
Normalizing Networks:
Learning Network with cityblock !
Learning Network with cityblock !
computation failed \n
Reading in expression data!
35238 genes and 97 conditions!
Elapsed time is 0.642438 seconds.
Reading in motif data!
Reading in ppi data!
1603 TFs and 43519847 edges!
Computing coexpression network:
Normalizing Networks:
Learning Network with chebychev !
Learning Network with chebychev !
computation failed \n
Reading in expression data!
35238 genes and 97 conditions!
Elapsed time is 0.685845 seconds.
Reading in motif data!
Reading in ppi data!
1603 TFs and 43519847 edges!
Computing coexpression network:
Normalizing Networks:
Learning Network with cosine !
Learning Network with cosine !
computation failed \n
Reading in expression data!
35238 genes and 97 conditions!
Elapsed time is 0.644210 seconds.
Reading in motif data!
Reading in ppi data!
1603 TFs and 43519847 edges!
Computing coexpression network:
Normalizing Networks:
Learning Network with correlation !
Learning Network with correlation !
computation failed \n
Reading in expression data!
35238 genes and 97 conditions!
Elapsed time is 0.716198 seconds.
Reading in motif data!
Reading in ppi data!
1603 TFs and 43519847 edges!
Computing coexpression network:
Normalizing Networks:
Learning Network with Tfunction !
Learning Network with Tfunction !
computation failed \n
Reading in expression data!
35238 genes and 97 conditions!
Elapsed time is 0.651260 seconds.
Reading in motif data!
Reading in ppi data!
1603 TFs and 43519847 edges!
Computing coexpression network:
Normalizing Networks:
Learning Network with euclidean !
Learning Network with euclidean !
computation failed \n
Reading in expression data!
35238 genes and 97 conditions!
Elapsed time is 0.737053 seconds.
Reading in motif data!
Reading in ppi data!
1603 TFs and 43519847 edges!
Computing coexpression network:
Normalizing Networks:
Learning Network with squaredeuclidean !
Learning Network with squaredeuclidean !
computation failed \n
Reading in expression data!
35238 genes and 97 conditions!
Elapsed time is 0.672999 seconds.
Reading in motif data!
Reading in ppi data!
1603 TFs and 43519847 edges!
Computing coexpression network:
Normalizing Networks:
Learning Network with seuclidean !
Learning Network with seuclidean !
computation failed \n
Reading in expression data!
35238 genes and 97 conditions!
Elapsed time is 0.671234 seconds.
Reading in motif data!
Reading in ppi data!
1603 TFs and 43519847 edges!
Computing coexpression network:
Normalizing Networks:
Learning Network with cityblock !
Learning Network with cityblock !
computation failed \n
Reading in expression data!
35238 genes and 97 conditions!
Elapsed time is 0.650717 seconds.
Reading in motif data!
Reading in ppi data!
1603 TFs and 43519847 edges!
Computing coexpression network:
Normalizing Networks:
Learning Network with chebychev !
Learning Network with chebychev !
computation failed \n
Reading in expression data!
35238 genes and 97 conditions!
Elapsed time is 0.666663 seconds.
Reading in motif data!
Reading in ppi data!
1603 TFs and 43519847 edges!
Computing coexpression network:
Normalizing Networks:
Learning Network with cosine !
Learning Network with cosine !
computation failed \n
Reading in expression data!
35238 genes and 97 conditions!
Elapsed time is 0.698361 seconds.
Reading in motif data!
Reading in ppi data!
1603 TFs and 43519847 edges!
Computing coexpression network:
Normalizing Networks:
Learning Network with correlation !
Learning Network with correlation !
computation failed \n
Reading in expression data!
35238 genes and 97 conditions!
Elapsed time is 0.719509 seconds.
Reading in motif data!
Reading in ppi data!
1603 TFs and 43519847 edges!
Computing coexpression network:
Normalizing Networks:
Learning Network with Tfunction !
Learning Network with Tfunction !
computation failed \n
Reading in expression data!
35238 genes and 97 conditions!
Elapsed time is 0.659784 seconds.
Reading in motif data!
Reading in ppi data!
1603 TFs and 43519847 edges!
Computing coexpression network:
Normalizing Networks:
Learning Network with euclidean !
Learning Network with euclidean !
computation failed \n
Reading in expression data!
35238 genes and 97 conditions!
Elapsed time is 0.681438 seconds.
Reading in motif data!
Reading in ppi data!
1603 TFs and 43519847 edges!
Computing coexpression network:
Normalizing Networks:
Learning Network with squaredeuclidean !
Learning Network with squaredeuclidean !
computation failed \n
Reading in expression data!
35238 genes and 97 conditions!
Elapsed time is 0.664292 seconds.
Reading in motif data!
Reading in ppi data!
1603 TFs and 43519847 edges!
Computing coexpression network:
Normalizing Networks:
Learning Network with seuclidean !
Learning Network with seuclidean !
computation failed \n
Reading in expression data!
35238 genes and 97 conditions!
Elapsed time is 0.690886 seconds.
Reading in motif data!
Reading in ppi data!
1603 TFs and 43519847 edges!
Computing coexpression network:
Normalizing Networks:
Learning Network with cityblock !
Learning Network with cityblock !
computation failed \n
Reading in expression data!
35238 genes and 97 conditions!
Elapsed time is 0.668609 seconds.
Reading in motif data!
Reading in ppi data!
1603 TFs and 43519847 edges!
Computing coexpression network:
Normalizing Networks:
Learning Network with chebychev !
Learning Network with chebychev !
computation failed \n
Reading in expression data!
35238 genes and 97 conditions!
Elapsed time is 0.673635 seconds.
Reading in motif data!
Reading in ppi data!
1603 TFs and 43519847 edges!
Computing coexpression network:
Normalizing Networks:
Learning Network with cosine !
Learning Network with cosine !
computation failed \n
Reading in expression data!
35238 genes and 97 conditions!
Elapsed time is 0.682128 seconds.
Reading in motif data!
Reading in ppi data!
1603 TFs and 43519847 edges!
Computing coexpression network:
Normalizing Networks:
Learning Network with correlation !
Learning Network with correlation !
computation failed \n
Reading in expression data!
35238 genes and 97 conditions!
Elapsed time is 0.673801 seconds.
Reading in motif data!
Reading in ppi data!
1603 TFs and 43519847 edges!
Computing coexpression network:
Normalizing Networks:
Learning Network with Tfunction !
Learning Network with Tfunction !
computation failed \n
Reading in expression data!
35238 genes and 97 conditions!
Elapsed time is 0.676006 seconds.
Reading in motif data!
Reading in ppi data!
1603 TFs and 43519847 edges!
Computing coexpression network:
Normalizing Networks:
Learning Network with euclidean !
Learning Network with euclidean !
computation failed \n
Reading in expression data!
35238 genes and 97 conditions!
Elapsed time is 0.670075 seconds.
Reading in motif data!
Reading in ppi data!
1603 TFs and 43519847 edges!
Computing coexpression network:
Normalizing Networks:
Learning Network with squaredeuclidean !
Learning Network with squaredeuclidean !
computation failed \n
Reading in expression data!
35238 genes and 97 conditions!
Elapsed time is 0.669562 seconds.
Reading in motif data!
Reading in ppi data!
1603 TFs and 43519847 edges!
Computing coexpression network:
Normalizing Networks:
Learning Network with seuclidean !
Learning Network with seuclidean !
computation failed \n
Reading in expression data!
35238 genes and 97 conditions!
Elapsed time is 0.683862 seconds.
Reading in motif data!
Reading in ppi data!
1603 TFs and 43519847 edges!
Computing coexpression network:
Normalizing Networks:
Learning Network with cityblock !
Learning Network with cityblock !
computation failed \n
Reading in expression data!
35238 genes and 97 conditions!
Elapsed time is 0.681406 seconds.
Reading in motif data!
Reading in ppi data!
1603 TFs and 43519847 edges!
Computing coexpression network:
Normalizing Networks:
Learning Network with chebychev !
Learning Network with chebychev !
computation failed \n
Reading in expression data!
35238 genes and 97 conditions!
Elapsed time is 0.675339 seconds.
Reading in motif data!
Reading in ppi data!
1603 TFs and 43519847 edges!
Computing coexpression network:
Normalizing Networks:
Learning Network with cosine !
Learning Network with cosine !
computation failed \n
Reading in expression data!
35238 genes and 97 conditions!
Elapsed time is 0.680949 seconds.
Reading in motif data!
Reading in ppi data!
1603 TFs and 43519847 edges!
Computing coexpression network:
Normalizing Networks:
Learning Network with correlation !
Learning Network with correlation !
computation failed \n
Reading in expression data!
35238 genes and 97 conditions!
Elapsed time is 0.666691 seconds.
Reading in motif data!
Reading in ppi data!
1603 TFs and 43519847 edges!
Computing coexpression network:
Normalizing Networks:
Learning Network with Tfunction !
Learning Network with Tfunction !
computation failed \n
Reading in expression data!
35238 genes and 97 conditions!
Elapsed time is 0.662891 seconds.
Reading in motif data!
Reading in ppi data!
1603 TFs and 43519847 edges!
Computing coexpression network:
Normalizing Networks:
Learning Network with euclidean !
Learning Network with euclidean !
computation failed \n
Reading in expression data!
35238 genes and 97 conditions!
Elapsed time is 0.682953 seconds.
Reading in motif data!
Reading in ppi data!
1603 TFs and 43519847 edges!
Computing coexpression network:
Normalizing Networks:
Learning Network with squaredeuclidean !
Learning Network with squaredeuclidean !
computation failed \n
Reading in expression data!
35238 genes and 97 conditions!
Elapsed time is 0.679037 seconds.
Reading in motif data!
Reading in ppi data!
1603 TFs and 43519847 edges!
Computing coexpression network:
Normalizing Networks:
Learning Network with seuclidean !
Learning Network with seuclidean !
computation failed \n
Reading in expression data!
35238 genes and 97 conditions!
Elapsed time is 0.722103 seconds.
Reading in motif data!
Reading in ppi data!
1603 TFs and 43519847 edges!
Computing coexpression network:
Normalizing Networks:
Learning Network with cityblock !
Learning Network with cityblock !
computation failed \n
Reading in expression data!
35238 genes and 97 conditions!
Elapsed time is 0.725613 seconds.
Reading in motif data!
Reading in ppi data!
1603 TFs and 43519847 edges!
Computing coexpression network:
Normalizing Networks:
Learning Network with chebychev !
Learning Network with chebychev !
computation failed \n
Reading in expression data!
35238 genes and 97 conditions!
Elapsed time is 0.679267 seconds.
Reading in motif data!
Reading in ppi data!
1603 TFs and 43519847 edges!
Computing coexpression network:
Normalizing Networks:
Learning Network with cosine !
Learning Network with cosine !
computation failed \n
Reading in expression data!
35238 genes and 97 conditions!
Elapsed time is 0.664603 seconds.
Reading in motif data!
Reading in ppi data!
1603 TFs and 43519847 edges!
Computing coexpression network:
Normalizing Networks:
Learning Network with correlation !
Learning Network with correlation !
computation failed \n
Reading in expression data!
35238 genes and 97 conditions!
Elapsed time is 0.664589 seconds.
Reading in motif data!
Reading in ppi data!
1603 TFs and 43519847 edges!
Computing coexpression network:
Normalizing Networks:
Learning Network with Tfunction !
Learning Network with Tfunction !
computation failed \n
Reading in expression data!
35238 genes and 97 conditions!
Elapsed time is 0.678950 seconds.
Reading in motif data!
Reading in ppi data!
1603 TFs and 43519847 edges!
Computing coexpression network:
Normalizing Networks:
Learning Network with euclidean !
Learning Network with euclidean !
computation failed \n
Reading in expression data!
35238 genes and 97 conditions!
Elapsed time is 0.665092 seconds.
Reading in motif data!
Reading in ppi data!
1603 TFs and 43519847 edges!
Computing coexpression network:
Normalizing Networks:
Learning Network with squaredeuclidean !
Learning Network with squaredeuclidean !
computation failed \n
Reading in expression data!
35238 genes and 97 conditions!
Elapsed time is 0.677431 seconds.
Reading in motif data!
Reading in ppi data!
1603 TFs and 43519847 edges!
Computing coexpression network:
Normalizing Networks:
Learning Network with seuclidean !
Learning Network with seuclidean !
computation failed \n
Reading in expression data!
35238 genes and 97 conditions!
Elapsed time is 0.673805 seconds.
Reading in motif data!
Reading in ppi data!
1603 TFs and 43519847 edges!
Computing coexpression network:
Normalizing Networks:
Learning Network with cityblock !
Learning Network with cityblock !
computation failed \n
Reading in expression data!
35238 genes and 97 conditions!
Elapsed time is 0.670800 seconds.
Reading in motif data!
Reading in ppi data!
1603 TFs and 43519847 edges!
Computing coexpression network:
Normalizing Networks:
Learning Network with chebychev !
Learning Network with chebychev !
computation failed \n
Reading in expression data!
35238 genes and 97 conditions!
Elapsed time is 0.661267 seconds.
Reading in motif data!
Reading in ppi data!
1603 TFs and 43519847 edges!
Computing coexpression network:
Normalizing Networks:
Learning Network with cosine !
Learning Network with cosine !
computation failed \n
Reading in expression data!
35238 genes and 97 conditions!
Elapsed time is 0.666394 seconds.
Reading in motif data!
Reading in ppi data!
1603 TFs and 43519847 edges!
Computing coexpression network:
Normalizing Networks:
Learning Network with correlation !
Learning Network with correlation !
computation failed \n
Reading in expression data!
27149 genes and 127 conditions!
Elapsed time is 11.801883 seconds.
Reading in motif data!
Reading in ppi data!
652 TFs and 17701148 edges!
Computing coexpression network:
Normalizing Networks:
Learning Network with Tfunction !
Learning Network with Tfunction !
computation failed \n
Reading in expression data!
27149 genes and 127 conditions!
Elapsed time is 1.089099 seconds.
Reading in motif data!
Reading in ppi data!
652 TFs and 17701148 edges!
Computing coexpression network:
Normalizing Networks:
Learning Network with euclidean !
caught memory error, trying to fix ... 
Learning Network with euclidean !
caught memory error, trying to fix ... 
computation failed \n
Reading in expression data!
27149 genes and 127 conditions!
Elapsed time is 1.129524 seconds.
Reading in motif data!
Reading in ppi data!
652 TFs and 17701148 edges!
Computing coexpression network:
Normalizing Networks:
Learning Network with squaredeuclidean !
caught memory error, trying to fix ... 
Learning Network with squaredeuclidean !
caught memory error, trying to fix ... 
computation failed \n
Reading in expression data!
27149 genes and 127 conditions!
Elapsed time is 1.072004 seconds.
Reading in motif data!
Reading in ppi data!
652 TFs and 17701148 edges!
Computing coexpression network:
Normalizing Networks:
Learning Network with seuclidean !
caught memory error, trying to fix ... 
Learning Network with seuclidean !
caught memory error, trying to fix ... 
computation failed \n
Reading in expression data!
27149 genes and 127 conditions!
Elapsed time is 1.084620 seconds.
Reading in motif data!
Reading in ppi data!
652 TFs and 17701148 edges!
Computing coexpression network:
Normalizing Networks:
Learning Network with cityblock !
caught memory error, trying to fix ... 
Learning Network with cityblock !
caught memory error, trying to fix ... 
computation failed \n
Reading in expression data!
27149 genes and 127 conditions!
Elapsed time is 1.090232 seconds.
Reading in motif data!
Reading in ppi data!
652 TFs and 17701148 edges!
Computing coexpression network:
Normalizing Networks:
Learning Network with chebychev !
caught memory error, trying to fix ... 
Learning Network with chebychev !
caught memory error, trying to fix ... 
computation failed \n
Reading in expression data!
27149 genes and 127 conditions!
Elapsed time is 1.057105 seconds.
Reading in motif data!
Reading in ppi data!
652 TFs and 17701148 edges!
Computing coexpression network:
Normalizing Networks:
Learning Network with cosine !
caught memory error, trying to fix ... 
Learning Network with cosine !
caught memory error, trying to fix ... 
computation failed \n
Reading in expression data!
27149 genes and 127 conditions!
Elapsed time is 1.098260 seconds.
Reading in motif data!
Reading in ppi data!
652 TFs and 17701148 edges!
Computing coexpression network:
Normalizing Networks:
Learning Network with correlation !
Learning Network with correlation !
computation failed \n
Reading in expression data!
27149 genes and 127 conditions!
Elapsed time is 1.073869 seconds.
Reading in motif data!
Reading in ppi data!
652 TFs and 17701148 edges!
Computing coexpression network:
Normalizing Networks:
Learning Network with Tfunction !
Learning Network with Tfunction !
computation failed \n
Reading in expression data!
27149 genes and 127 conditions!
Elapsed time is 1.097587 seconds.
Reading in motif data!
Reading in ppi data!
652 TFs and 17701148 edges!
Computing coexpression network:
Normalizing Networks:
Learning Network with euclidean !
caught memory error, trying to fix ... 
Learning Network with euclidean !
caught memory error, trying to fix ... 
computation failed \n
Reading in expression data!
27149 genes and 127 conditions!
Elapsed time is 1.090556 seconds.
Reading in motif data!
Reading in ppi data!
652 TFs and 17701148 edges!
Computing coexpression network:
Normalizing Networks:
Learning Network with squaredeuclidean !
caught memory error, trying to fix ... 
Learning Network with squaredeuclidean !
caught memory error, trying to fix ... 
computation failed \n
Reading in expression data!
27149 genes and 127 conditions!
Elapsed time is 1.078581 seconds.
Reading in motif data!
Reading in ppi data!
652 TFs and 17701148 edges!
Computing coexpression network:
Normalizing Networks:
Learning Network with seuclidean !
caught memory error, trying to fix ... 
Learning Network with seuclidean !
caught memory error, trying to fix ... 
computation failed \n
Reading in expression data!
27149 genes and 127 conditions!
Elapsed time is 1.073000 seconds.
Reading in motif data!
Reading in ppi data!
652 TFs and 17701148 edges!
Computing coexpression network:
Normalizing Networks:
Learning Network with cityblock !
caught memory error, trying to fix ... 
Learning Network with cityblock !
caught memory error, trying to fix ... 
computation failed \n
Reading in expression data!
27149 genes and 127 conditions!
Elapsed time is 1.081958 seconds.
Reading in motif data!
Reading in ppi data!
652 TFs and 17701148 edges!
Computing coexpression network:
Normalizing Networks:
Learning Network with chebychev !
caught memory error, trying to fix ... 
Learning Network with chebychev !
caught memory error, trying to fix ... 
computation failed \n
Reading in expression data!
27149 genes and 127 conditions!
Elapsed time is 1.101823 seconds.
Reading in motif data!
Reading in ppi data!
652 TFs and 17701148 edges!
Computing coexpression network:
Normalizing Networks:
Learning Network with cosine !
caught memory error, trying to fix ... 
Learning Network with cosine !
caught memory error, trying to fix ... 
computation failed \n
Reading in expression data!
27149 genes and 127 conditions!
Elapsed time is 1.072714 seconds.
Reading in motif data!
Reading in ppi data!
652 TFs and 17701148 edges!
Computing coexpression network:
Normalizing Networks:
Learning Network with correlation !
Learning Network with correlation !
computation failed \n
Reading in expression data!
27149 genes and 127 conditions!
Elapsed time is 1.061353 seconds.
Reading in motif data!
Reading in ppi data!
652 TFs and 17701148 edges!
Computing coexpression network:
Normalizing Networks:
Learning Network with Tfunction !
Learning Network with Tfunction !
computation failed \n
Reading in expression data!
27149 genes and 127 conditions!
Elapsed time is 1.161930 seconds.
Reading in motif data!
Reading in ppi data!
652 TFs and 17701148 edges!
Computing coexpression network:
Normalizing Networks:
Learning Network with euclidean !
caught memory error, trying to fix ... 
Learning Network with euclidean !
caught memory error, trying to fix ... 
computation failed \n
Reading in expression data!
27149 genes and 127 conditions!
Elapsed time is 1.072676 seconds.
Reading in motif data!
Reading in ppi data!
652 TFs and 17701148 edges!
Computing coexpression network:
Normalizing Networks:
Learning Network with squaredeuclidean !
caught memory error, trying to fix ... 
Learning Network with squaredeuclidean !
caught memory error, trying to fix ... 
computation failed \n
Reading in expression data!
27149 genes and 127 conditions!
Elapsed time is 1.085712 seconds.
Reading in motif data!
Reading in ppi data!
652 TFs and 17701148 edges!
Computing coexpression network:
Normalizing Networks:
Learning Network with seuclidean !
caught memory error, trying to fix ... 
Learning Network with seuclidean !
caught memory error, trying to fix ... 
computation failed \n
Reading in expression data!
27149 genes and 127 conditions!
Elapsed time is 1.074507 seconds.
Reading in motif data!
Reading in ppi data!
652 TFs and 17701148 edges!
Computing coexpression network:
Normalizing Networks:
Learning Network with cityblock !
caught memory error, trying to fix ... 
Learning Network with cityblock !
caught memory error, trying to fix ... 
computation failed \n
Reading in expression data!
27149 genes and 127 conditions!
Elapsed time is 1.100360 seconds.
Reading in motif data!
Reading in ppi data!
652 TFs and 17701148 edges!
Computing coexpression network:
Normalizing Networks:
Learning Network with chebychev !
caught memory error, trying to fix ... 
Learning Network with chebychev !
caught memory error, trying to fix ... 
computation failed \n
Reading in expression data!
27149 genes and 127 conditions!
Elapsed time is 1.064419 seconds.
Reading in motif data!
Reading in ppi data!
652 TFs and 17701148 edges!
Computing coexpression network:
Normalizing Networks:
Learning Network with cosine !
caught memory error, trying to fix ... 
Learning Network with cosine !
caught memory error, trying to fix ... 
computation failed \n
Reading in expression data!
27149 genes and 127 conditions!
Elapsed time is 1.075972 seconds.
Reading in motif data!
Reading in ppi data!
652 TFs and 17701148 edges!
Computing coexpression network:
Normalizing Networks:
Learning Network with correlation !
Learning Network with correlation !
computation failed \n
Reading in expression data!
27149 genes and 127 conditions!
Elapsed time is 1.074912 seconds.
Reading in motif data!
Reading in ppi data!
652 TFs and 17701148 edges!
Computing coexpression network:
Normalizing Networks:
Learning Network with Tfunction !
Learning Network with Tfunction !
computation failed \n
Reading in expression data!
27149 genes and 127 conditions!
Elapsed time is 1.074055 seconds.
Reading in motif data!
Reading in ppi data!
652 TFs and 17701148 edges!
Computing coexpression network:
Normalizing Networks:
Learning Network with euclidean !
Learning Network with euclidean !
computation failed \n
Reading in expression data!
27149 genes and 127 conditions!
Elapsed time is 1.062991 seconds.
Reading in motif data!
Reading in ppi data!
652 TFs and 17701148 edges!
Computing coexpression network:
Normalizing Networks:
Learning Network with squaredeuclidean !
Learning Network with squaredeuclidean !
computation failed \n
Reading in expression data!
27149 genes and 127 conditions!
Elapsed time is 1.085148 seconds.
Reading in motif data!
Reading in ppi data!
652 TFs and 17701148 edges!
Computing coexpression network:
Normalizing Networks:
Learning Network with seuclidean !
Learning Network with seuclidean !
computation failed \n
Reading in expression data!
27149 genes and 127 conditions!
Elapsed time is 1.074079 seconds.
Reading in motif data!
Reading in ppi data!
652 TFs and 17701148 edges!
Computing coexpression network:
Normalizing Networks:
Learning Network with cityblock !
Learning Network with cityblock !
computation failed \n
Reading in expression data!
27149 genes and 127 conditions!
Elapsed time is 1.070353 seconds.
Reading in motif data!
Reading in ppi data!
652 TFs and 17701148 edges!
Computing coexpression network:
Normalizing Networks:
Learning Network with chebychev !
Learning Network with chebychev !
computation failed \n
Reading in expression data!
27149 genes and 127 conditions!
Elapsed time is 1.062169 seconds.
Reading in motif data!
Reading in ppi data!
652 TFs and 17701148 edges!
Computing coexpression network:
Normalizing Networks:
Learning Network with cosine !
Learning Network with cosine !
computation failed \n
Reading in expression data!
27149 genes and 127 conditions!
Elapsed time is 1.074047 seconds.
Reading in motif data!
Reading in ppi data!
652 TFs and 17701148 edges!
Computing coexpression network:
Normalizing Networks:
Learning Network with correlation !
Learning Network with correlation !
computation failed \n
Reading in expression data!
27149 genes and 127 conditions!
Elapsed time is 1.070112 seconds.
Reading in motif data!
Reading in ppi data!
652 TFs and 17701148 edges!
Computing coexpression network:
Normalizing Networks:
Learning Network with Tfunction !
Learning Network with Tfunction !
computation failed \n
Reading in expression data!
27149 genes and 127 conditions!
Elapsed time is 1.333237 seconds.
Reading in motif data!
Reading in ppi data!
652 TFs and 17701148 edges!
Computing coexpression network:
Normalizing Networks:
Learning Network with euclidean !
Learning Network with euclidean !
computation failed \n
Reading in expression data!
27149 genes and 127 conditions!
Elapsed time is 1.336628 seconds.
Reading in motif data!
Reading in ppi data!
652 TFs and 17701148 edges!
Computing coexpression network:
Normalizing Networks:
Learning Network with squaredeuclidean !
Learning Network with squaredeuclidean !
computation failed \n
Reading in expression data!
27149 genes and 127 conditions!
Elapsed time is 1.328168 seconds.
Reading in motif data!
Reading in ppi data!
652 TFs and 17701148 edges!
Computing coexpression network:
Normalizing Networks:
Learning Network with seuclidean !
Learning Network with seuclidean !
computation failed \n
Reading in expression data!
27149 genes and 127 conditions!
Elapsed time is 1.339935 seconds.
Reading in motif data!
Reading in ppi data!
652 TFs and 17701148 edges!
Computing coexpression network:
Normalizing Networks:
Learning Network with cityblock !
Learning Network with cityblock !
computation failed \n
Reading in expression data!
27149 genes and 127 conditions!
Elapsed time is 1.075103 seconds.
Reading in motif data!
Reading in ppi data!
652 TFs and 17701148 edges!
Computing coexpression network:
Normalizing Networks:
Learning Network with chebychev !
Learning Network with chebychev !
computation failed \n
Reading in expression data!
27149 genes and 127 conditions!
Elapsed time is 1.074160 seconds.
Reading in motif data!
Reading in ppi data!
652 TFs and 17701148 edges!
Computing coexpression network:
Normalizing Networks:
Learning Network with cosine !
Learning Network with cosine !
computation failed \n
Reading in expression data!
27149 genes and 127 conditions!
Elapsed time is 1.074639 seconds.
Reading in motif data!
Reading in ppi data!
652 TFs and 17701148 edges!
Computing coexpression network:
Normalizing Networks:
Learning Network with correlation !
Learning Network with correlation !
computation failed \n
Reading in expression data!
27149 genes and 127 conditions!
Elapsed time is 1.070007 seconds.
Reading in motif data!
Reading in ppi data!
652 TFs and 17701148 edges!
Computing coexpression network:
Normalizing Networks:
Learning Network with Tfunction !
Learning Network with Tfunction !
computation failed \n
Reading in expression data!
27149 genes and 127 conditions!
Elapsed time is 1.063230 seconds.
Reading in motif data!
Reading in ppi data!
652 TFs and 17701148 edges!
Computing coexpression network:
Normalizing Networks:
Learning Network with euclidean !
Learning Network with euclidean !
computation failed \n
Reading in expression data!
27149 genes and 127 conditions!
Elapsed time is 1.054827 seconds.
Reading in motif data!
Reading in ppi data!
652 TFs and 17701148 edges!
Computing coexpression network:
Normalizing Networks:
Learning Network with squaredeuclidean !
Learning Network with squaredeuclidean !
computation failed \n
Reading in expression data!
27149 genes and 127 conditions!
Elapsed time is 1.076176 seconds.
Reading in motif data!
Reading in ppi data!
652 TFs and 17701148 edges!
Computing coexpression network:
Normalizing Networks:
Learning Network with seuclidean !
Learning Network with seuclidean !
computation failed \n
Reading in expression data!
27149 genes and 127 conditions!
Elapsed time is 1.078082 seconds.
Reading in motif data!
Reading in ppi data!
652 TFs and 17701148 edges!
Computing coexpression network:
Normalizing Networks:
Learning Network with cityblock !
Learning Network with cityblock !
computation failed \n
Reading in expression data!
27149 genes and 127 conditions!
Elapsed time is 1.066974 seconds.
Reading in motif data!
Reading in ppi data!
652 TFs and 17701148 edges!
Computing coexpression network:
Normalizing Networks:
Learning Network with chebychev !
Learning Network with chebychev !
computation failed \n
Reading in expression data!
27149 genes and 127 conditions!
Elapsed time is 1.061599 seconds.
Reading in motif data!
Reading in ppi data!
652 TFs and 17701148 edges!
Computing coexpression network:
Normalizing Networks:
Learning Network with cosine !
Learning Network with cosine !
computation failed \n
Reading in expression data!
27149 genes and 127 conditions!
Elapsed time is 1.076621 seconds.
Reading in motif data!
Reading in ppi data!
652 TFs and 17701148 edges!
Computing coexpression network:
Normalizing Networks:
Learning Network with correlation !
Learning Network with correlation !
computation failed \n
Reading in expression data!
27149 genes and 127 conditions!
Elapsed time is 1.066824 seconds.
Reading in motif data!
Reading in ppi data!
652 TFs and 652000 edges!
Computing coexpression network:
Normalizing Networks:
Learning Network with Tfunction !
Running PANDA on 1000 Genes and 652 TFs took 0.712893 seconds!
Reading in expression data!
27149 genes and 127 conditions!
Elapsed time is 1.052882 seconds.
Reading in motif data!
Reading in ppi data!
652 TFs and 652000 edges!
Computing coexpression network:
Normalizing Networks:
Learning Network with euclidean !
Running PANDA on 1000 Genes and 652 TFs took 1.611009 seconds!
Reading in expression data!
27149 genes and 127 conditions!
Elapsed time is 1.069301 seconds.
Reading in motif data!
Reading in ppi data!
652 TFs and 652000 edges!
Computing coexpression network:
Normalizing Networks:
Learning Network with squaredeuclidean !
Running PANDA on 1000 Genes and 652 TFs took 1.525170 seconds!
Reading in expression data!
27149 genes and 127 conditions!
Elapsed time is 1.051627 seconds.
Reading in motif data!
Reading in ppi data!
652 TFs and 652000 edges!
Computing coexpression network:
Normalizing Networks:
Learning Network with seuclidean !
Running PANDA on 1000 Genes and 652 TFs took 2.843130 seconds!
Reading in expression data!
27149 genes and 127 conditions!
Elapsed time is 1.055802 seconds.
Reading in motif data!
Reading in ppi data!
652 TFs and 652000 edges!
Computing coexpression network:
Normalizing Networks:
Learning Network with cityblock !
Running PANDA on 1000 Genes and 652 TFs took 1.538632 seconds!
Reading in expression data!
27149 genes and 127 conditions!
Elapsed time is 1.074091 seconds.
Reading in motif data!
Reading in ppi data!
652 TFs and 652000 edges!
Computing coexpression network:
Normalizing Networks:
Learning Network with chebychev !
Running PANDA on 1000 Genes and 652 TFs took 1.605128 seconds!
Reading in expression data!
27149 genes and 127 conditions!
Elapsed time is 1.058339 seconds.
Reading in motif data!
Reading in ppi data!
652 TFs and 652000 edges!
Computing coexpression network:
Normalizing Networks:
Learning Network with cosine !
Running PANDA on 1000 Genes and 652 TFs took 2.132465 seconds!
Reading in expression data!
27149 genes and 127 conditions!
Elapsed time is 1.083719 seconds.
Reading in motif data!
Reading in ppi data!
652 TFs and 652000 edges!
Computing coexpression network:
Normalizing Networks:
Learning Network with correlation !
Running PANDA on 1000 Genes and 652 TFs took 2.501847 seconds!
Reading in expression data!
27149 genes and 127 conditions!
Elapsed time is 1.080094 seconds.
Reading in motif data!
Reading in ppi data!
652 TFs and 652000 edges!
Computing coexpression network:
Normalizing Networks:
Learning Network with Tfunction !
Running PANDA on 1000 Genes and 652 TFs took 0.541141 seconds!
Reading in expression data!
27149 genes and 127 conditions!
Elapsed time is 1.064877 seconds.
Reading in motif data!
Reading in ppi data!
652 TFs and 652000 edges!
Computing coexpression network:
Normalizing Networks:
Learning Network with euclidean !
Running PANDA on 1000 Genes and 652 TFs took 0.810821 seconds!
Reading in expression data!
27149 genes and 127 conditions!
Elapsed time is 1.060494 seconds.
Reading in motif data!
Reading in ppi data!
652 TFs and 652000 edges!
Computing coexpression network:
Normalizing Networks:
Learning Network with squaredeuclidean !
Running PANDA on 1000 Genes and 652 TFs took 0.787326 seconds!
Reading in expression data!
27149 genes and 127 conditions!
Elapsed time is 1.087175 seconds.
Reading in motif data!
Reading in ppi data!
652 TFs and 652000 edges!
Computing coexpression network:
Normalizing Networks:
Learning Network with seuclidean !
Running PANDA on 1000 Genes and 652 TFs took 1.423264 seconds!
Reading in expression data!
27149 genes and 127 conditions!
Elapsed time is 1.058868 seconds.
Reading in motif data!
Reading in ppi data!
652 TFs and 652000 edges!
Computing coexpression network:
Normalizing Networks:
Learning Network with cityblock !
Running PANDA on 1000 Genes and 652 TFs took 0.805761 seconds!
Reading in expression data!
27149 genes and 127 conditions!
Elapsed time is 1.089247 seconds.
Reading in motif data!
Reading in ppi data!
652 TFs and 652000 edges!
Computing coexpression network:
Normalizing Networks:
Learning Network with chebychev !
Running PANDA on 1000 Genes and 652 TFs took 0.840861 seconds!
Reading in expression data!
27149 genes and 127 conditions!
Elapsed time is 1.060884 seconds.
Reading in motif data!
Reading in ppi data!
652 TFs and 652000 edges!
Computing coexpression network:
Normalizing Networks:
Learning Network with cosine !
Running PANDA on 1000 Genes and 652 TFs took 1.376420 seconds!
Reading in expression data!
27149 genes and 127 conditions!
Elapsed time is 1.084334 seconds.
Reading in motif data!
Reading in ppi data!
652 TFs and 652000 edges!
Computing coexpression network:
Normalizing Networks:
Learning Network with correlation !
Running PANDA on 1000 Genes and 652 TFs took 1.301480 seconds!
Reading in expression data!
27149 genes and 127 conditions!
Elapsed time is 1.079827 seconds.
Reading in motif data!
Reading in ppi data!
652 TFs and 652000 edges!
Computing coexpression network:
Normalizing Networks:
Learning Network with Tfunction !
Running PANDA on 1000 Genes and 652 TFs took 0.500147 seconds!
Reading in expression data!
27149 genes and 127 conditions!
Elapsed time is 1.053435 seconds.
Reading in motif data!
Reading in ppi data!
652 TFs and 652000 edges!
Computing coexpression network:
Normalizing Networks:
Learning Network with euclidean !
Running PANDA on 1000 Genes and 652 TFs took 0.577063 seconds!
Reading in expression data!
27149 genes and 127 conditions!
Elapsed time is 1.070498 seconds.
Reading in motif data!
Reading in ppi data!
652 TFs and 652000 edges!
Computing coexpression network:
Normalizing Networks:
Learning Network with squaredeuclidean !
Running PANDA on 1000 Genes and 652 TFs took 0.565298 seconds!
Reading in expression data!
27149 genes and 127 conditions!
Elapsed time is 1.085026 seconds.
Reading in motif data!
Reading in ppi data!
652 TFs and 652000 edges!
Computing coexpression network:
Normalizing Networks:
Learning Network with seuclidean !
Running PANDA on 1000 Genes and 652 TFs took 0.974118 seconds!
Reading in expression data!
27149 genes and 127 conditions!
Elapsed time is 1.061850 seconds.
Reading in motif data!
Reading in ppi data!
652 TFs and 652000 edges!
Computing coexpression network:
Normalizing Networks:
Learning Network with cityblock !
Running PANDA on 1000 Genes and 652 TFs took 0.567642 seconds!
Reading in expression data!
27149 genes and 127 conditions!
Elapsed time is 1.073937 seconds.
Reading in motif data!
Reading in ppi data!
652 TFs and 652000 edges!
Computing coexpression network:
Normalizing Networks:
Learning Network with chebychev !
Running PANDA on 1000 Genes and 652 TFs took 0.593635 seconds!
Reading in expression data!
27149 genes and 127 conditions!
Elapsed time is 1.060139 seconds.
Reading in motif data!
Reading in ppi data!
652 TFs and 652000 edges!
Computing coexpression network:
Normalizing Networks:
Learning Network with cosine !
Running PANDA on 1000 Genes and 652 TFs took 1.077994 seconds!
Reading in expression data!
27149 genes and 127 conditions!
Elapsed time is 1.063824 seconds.
Reading in motif data!
Reading in ppi data!
652 TFs and 652000 edges!
Computing coexpression network:
Normalizing Networks:
Learning Network with correlation !
Running PANDA on 1000 Genes and 652 TFs took 1.007272 seconds!
Reading in expression data!
27149 genes and 127 conditions!
Elapsed time is 1.076231 seconds.
Reading in motif data!
Reading in ppi data!
652 TFs and 652000 edges!
Computing coexpression network:
Normalizing Networks:
Learning Network with Tfunction !
Running PANDA on 1000 Genes and 652 TFs took 0.929179 seconds!
Reading in expression data!
27149 genes and 127 conditions!
Elapsed time is 1.068713 seconds.
Reading in motif data!
Reading in ppi data!
652 TFs and 652000 edges!
Computing coexpression network:
Normalizing Networks:
Learning Network with euclidean !
Running PANDA on 1000 Genes and 652 TFs took 2.106093 seconds!
Reading in expression data!
27149 genes and 127 conditions!
Elapsed time is 1.070763 seconds.
Reading in motif data!
Reading in ppi data!
652 TFs and 652000 edges!
Computing coexpression network:
Normalizing Networks:
Learning Network with squaredeuclidean !
Running PANDA on 1000 Genes and 652 TFs took 2.018684 seconds!
Reading in expression data!
27149 genes and 127 conditions!
Elapsed time is 1.064207 seconds.
Reading in motif data!
Reading in ppi data!
652 TFs and 652000 edges!
Computing coexpression network:
Normalizing Networks:
Learning Network with seuclidean !
Running PANDA on 1000 Genes and 652 TFs took 3.539008 seconds!
Reading in expression data!
27149 genes and 127 conditions!
Elapsed time is 1.048150 seconds.
Reading in motif data!
Reading in ppi data!
652 TFs and 652000 edges!
Computing coexpression network:
Normalizing Networks:
Learning Network with cityblock !
Running PANDA on 1000 Genes and 652 TFs took 2.094906 seconds!
Reading in expression data!
27149 genes and 127 conditions!
Elapsed time is 1.058132 seconds.
Reading in motif data!
Reading in ppi data!
652 TFs and 652000 edges!
Computing coexpression network:
Normalizing Networks:
Learning Network with chebychev !
Running PANDA on 1000 Genes and 652 TFs took 2.330521 seconds!
Reading in expression data!
27149 genes and 127 conditions!
Elapsed time is 1.069214 seconds.
Reading in motif data!
Reading in ppi data!
652 TFs and 652000 edges!
Computing coexpression network:
Normalizing Networks:
Learning Network with cosine !
Running PANDA on 1000 Genes and 652 TFs took 2.688692 seconds!
Reading in expression data!
27149 genes and 127 conditions!
Elapsed time is 1.067579 seconds.
Reading in motif data!
Reading in ppi data!
652 TFs and 652000 edges!
Computing coexpression network:
Normalizing Networks:
Learning Network with correlation !
Running PANDA on 1000 Genes and 652 TFs took 2.554555 seconds!
Reading in expression data!
27149 genes and 127 conditions!
Elapsed time is 1.063249 seconds.
Reading in motif data!
Reading in ppi data!
652 TFs and 652000 edges!
Computing coexpression network:
Normalizing Networks:
Learning Network with Tfunction !
Running PANDA on 1000 Genes and 652 TFs took 0.603202 seconds!
Reading in expression data!
27149 genes and 127 conditions!
Elapsed time is 1.058636 seconds.
Reading in motif data!
Reading in ppi data!
652 TFs and 652000 edges!
Computing coexpression network:
Normalizing Networks:
Learning Network with euclidean !
Running PANDA on 1000 Genes and 652 TFs took 1.056197 seconds!
Reading in expression data!
27149 genes and 127 conditions!
Elapsed time is 1.081798 seconds.
Reading in motif data!
Reading in ppi data!
652 TFs and 652000 edges!
Computing coexpression network:
Normalizing Networks:
Learning Network with squaredeuclidean !
Running PANDA on 1000 Genes and 652 TFs took 1.026358 seconds!
Reading in expression data!
27149 genes and 127 conditions!
Elapsed time is 1.056240 seconds.
Reading in motif data!
Reading in ppi data!
652 TFs and 652000 edges!
Computing coexpression network:
Normalizing Networks:
Learning Network with seuclidean !
Running PANDA on 1000 Genes and 652 TFs took 1.818227 seconds!
Reading in expression data!
27149 genes and 127 conditions!
Elapsed time is 1.051338 seconds.
Reading in motif data!
Reading in ppi data!
652 TFs and 652000 edges!
Computing coexpression network:
Normalizing Networks:
Learning Network with cityblock !
Running PANDA on 1000 Genes and 652 TFs took 1.042544 seconds!
Reading in expression data!
27149 genes and 127 conditions!
Elapsed time is 1.065714 seconds.
Reading in motif data!
Reading in ppi data!
652 TFs and 652000 edges!
Computing coexpression network:
Normalizing Networks:
Learning Network with chebychev !
Running PANDA on 1000 Genes and 652 TFs took 1.177791 seconds!
Reading in expression data!
27149 genes and 127 conditions!
Elapsed time is 1.063706 seconds.
Reading in motif data!
Reading in ppi data!
652 TFs and 652000 edges!
Computing coexpression network:
Normalizing Networks:
Learning Network with cosine !
Running PANDA on 1000 Genes and 652 TFs took 1.307104 seconds!
Reading in expression data!
27149 genes and 127 conditions!
Elapsed time is 1.067332 seconds.
Reading in motif data!
Reading in ppi data!
652 TFs and 652000 edges!
Computing coexpression network:
Normalizing Networks:
Learning Network with correlation !
Running PANDA on 1000 Genes and 652 TFs took 1.347253 seconds!
Reading in expression data!
27149 genes and 127 conditions!
Elapsed time is 1.096679 seconds.
Reading in motif data!
Reading in ppi data!
652 TFs and 652000 edges!
Computing coexpression network:
Normalizing Networks:
Learning Network with Tfunction !
Running PANDA on 1000 Genes and 652 TFs took 0.546689 seconds!
Reading in expression data!
27149 genes and 127 conditions!
Elapsed time is 1.062456 seconds.
Reading in motif data!
Reading in ppi data!
652 TFs and 652000 edges!
Computing coexpression network:
Normalizing Networks:
Learning Network with euclidean !
Running PANDA on 1000 Genes and 652 TFs took 0.729756 seconds!
Reading in expression data!
27149 genes and 127 conditions!
Elapsed time is 1.071704 seconds.
Reading in motif data!
Reading in ppi data!
652 TFs and 652000 edges!
Computing coexpression network:
Normalizing Networks:
Learning Network with squaredeuclidean !
Running PANDA on 1000 Genes and 652 TFs took 0.834397 seconds!
Reading in expression data!
27149 genes and 127 conditions!
Elapsed time is 1.059567 seconds.
Reading in motif data!
Reading in ppi data!
652 TFs and 652000 edges!
Computing coexpression network:
Normalizing Networks:
Learning Network with seuclidean !
Running PANDA on 1000 Genes and 652 TFs took 1.142540 seconds!
Reading in expression data!
27149 genes and 127 conditions!
Elapsed time is 1.071151 seconds.
Reading in motif data!
Reading in ppi data!
652 TFs and 652000 edges!
Computing coexpression network:
Normalizing Networks:
Learning Network with cityblock !
Running PANDA on 1000 Genes and 652 TFs took 0.688726 seconds!
Reading in expression data!
27149 genes and 127 conditions!
Elapsed time is 1.070668 seconds.
Reading in motif data!
Reading in ppi data!
652 TFs and 652000 edges!
Computing coexpression network:
Normalizing Networks:
Learning Network with chebychev !
Running PANDA on 1000 Genes and 652 TFs took 0.801156 seconds!
Reading in expression data!
27149 genes and 127 conditions!
Elapsed time is 1.064374 seconds.
Reading in motif data!
Reading in ppi data!
652 TFs and 652000 edges!
Computing coexpression network:
Normalizing Networks:
Learning Network with cosine !
Running PANDA on 1000 Genes and 652 TFs took 0.957112 seconds!
Reading in expression data!
27149 genes and 127 conditions!
Elapsed time is 1.079483 seconds.
Reading in motif data!
Reading in ppi data!
652 TFs and 652000 edges!
Computing coexpression network:
Normalizing Networks:
Learning Network with correlation !
Running PANDA on 1000 Genes and 652 TFs took 0.985950 seconds!

resTable =

  144x5 table

    runtime      model      precision     alpha          similarity    
    ________    ________    _________    ________    __________________

    [   NaN]    'large'     'single'     [0.1000]    'Tfunction'       
    [   NaN]    'large'     'single'     [0.1000]    'euclidean'       
    [   NaN]    'large'     'single'     [0.1000]    'squaredeuclidean'
    [   NaN]    'large'     'single'     [0.1000]    'seuclidean'      
    [   NaN]    'large'     'single'     [0.1000]    'cityblock'       
    [   NaN]    'large'     'single'     [0.1000]    'chebychev'       
    [   NaN]    'large'     'single'     [0.1000]    'cosine'          
    [   NaN]    'large'     'single'     [0.1000]    'correlation'     
    [   NaN]    'large'     'single'     [0.2000]    'Tfunction'       
    [   NaN]    'large'     'single'     [0.2000]    'euclidean'       
    [   NaN]    'large'     'single'     [0.2000]    'squaredeuclidean'
    [   NaN]    'large'     'single'     [0.2000]    'seuclidean'      
    [   NaN]    'large'     'single'     [0.2000]    'cityblock'       
    [   NaN]    'large'     'single'     [0.2000]    'chebychev'       
    [   NaN]    'large'     'single'     [0.2000]    'cosine'          
    [   NaN]    'large'     'single'     [0.2000]    'correlation'     
    [   NaN]    'large'     'single'     [0.3000]    'Tfunction'       
    [   NaN]    'large'     'single'     [0.3000]    'euclidean'       
    [   NaN]    'large'     'single'     [0.3000]    'squaredeuclidean'
    [   NaN]    'large'     'single'     [0.3000]    'seuclidean'      
    [   NaN]    'large'     'single'     [0.3000]    'cityblock'       
    [   NaN]    'large'     'single'     [0.3000]    'chebychev'       
    [   NaN]    'large'     'single'     [0.3000]    'cosine'          
    [   NaN]    'large'     'single'     [0.3000]    'correlation'     
    [   NaN]    'large'     'double'     [0.1000]    'Tfunction'       
    [   NaN]    'large'     'double'     [0.1000]    'euclidean'       
    [   NaN]    'large'     'double'     [0.1000]    'squaredeuclidean'
    [   NaN]    'large'     'double'     [0.1000]    'seuclidean'      
    [   NaN]    'large'     'double'     [0.1000]    'cityblock'       
    [   NaN]    'large'     'double'     [0.1000]    'chebychev'       
    [   NaN]    'large'     'double'     [0.1000]    'cosine'          
    [   NaN]    'large'     'double'     [0.1000]    'correlation'     
    [   NaN]    'large'     'double'     [0.2000]    'Tfunction'       
    [   NaN]    'large'     'double'     [0.2000]    'euclidean'       
    [   NaN]    'large'     'double'     [0.2000]    'squaredeuclidean'
    [   NaN]    'large'     'double'     [0.2000]    'seuclidean'      
    [   NaN]    'large'     'double'     [0.2000]    'cityblock'       
    [   NaN]    'large'     'double'     [0.2000]    'chebychev'       
    [   NaN]    'large'     'double'     [0.2000]    'cosine'          
    [   NaN]    'large'     'double'     [0.2000]    'correlation'     
    [   NaN]    'large'     'double'     [0.3000]    'Tfunction'       
    [   NaN]    'large'     'double'     [0.3000]    'euclidean'       
    [   NaN]    'large'     'double'     [0.3000]    'squaredeuclidean'
    [   NaN]    'large'     'double'     [0.3000]    'seuclidean'      
    [   NaN]    'large'     'double'     [0.3000]    'cityblock'       
    [   NaN]    'large'     'double'     [0.3000]    'chebychev'       
    [   NaN]    'large'     'double'     [0.3000]    'cosine'          
    [   NaN]    'large'     'double'     [0.3000]    'correlation'     
    [   NaN]    'medium'    'single'     [0.1000]    'Tfunction'       
    [   NaN]    'medium'    'single'     [0.1000]    'euclidean'       
    [   NaN]    'medium'    'single'     [0.1000]    'squaredeuclidean'
    [   NaN]    'medium'    'single'     [0.1000]    'seuclidean'      
    [   NaN]    'medium'    'single'     [0.1000]    'cityblock'       
    [   NaN]    'medium'    'single'     [0.1000]    'chebychev'       
    [   NaN]    'medium'    'single'     [0.1000]    'cosine'          
    [   NaN]    'medium'    'single'     [0.1000]    'correlation'     
    [   NaN]    'medium'    'single'     [0.2000]    'Tfunction'       
    [   NaN]    'medium'    'single'     [0.2000]    'euclidean'       
    [   NaN]    'medium'    'single'     [0.2000]    'squaredeuclidean'
    [   NaN]    'medium'    'single'     [0.2000]    'seuclidean'      
    [   NaN]    'medium'    'single'     [0.2000]    'cityblock'       
    [   NaN]    'medium'    'single'     [0.2000]    'chebychev'       
    [   NaN]    'medium'    'single'     [0.2000]    'cosine'          
    [   NaN]    'medium'    'single'     [0.2000]    'correlation'     
    [   NaN]    'medium'    'single'     [0.3000]    'Tfunction'       
    [   NaN]    'medium'    'single'     [0.3000]    'euclidean'       
    [   NaN]    'medium'    'single'     [0.3000]    'squaredeuclidean'
    [   NaN]    'medium'    'single'     [0.3000]    'seuclidean'      
    [   NaN]    'medium'    'single'     [0.3000]    'cityblock'       
    [   NaN]    'medium'    'single'     [0.3000]    'chebychev'       
    [   NaN]    'medium'    'single'     [0.3000]    'cosine'          
    [   NaN]    'medium'    'single'     [0.3000]    'correlation'     
    [   NaN]    'medium'    'double'     [0.1000]    'Tfunction'       
    [   NaN]    'medium'    'double'     [0.1000]    'euclidean'       
    [   NaN]    'medium'    'double'     [0.1000]    'squaredeuclidean'
    [   NaN]    'medium'    'double'     [0.1000]    'seuclidean'      
    [   NaN]    'medium'    'double'     [0.1000]    'cityblock'       
    [   NaN]    'medium'    'double'     [0.1000]    'chebychev'       
    [   NaN]    'medium'    'double'     [0.1000]    'cosine'          
    [   NaN]    'medium'    'double'     [0.1000]    'correlation'     
    [   NaN]    'medium'    'double'     [0.2000]    'Tfunction'       
    [   NaN]    'medium'    'double'     [0.2000]    'euclidean'       
    [   NaN]    'medium'    'double'     [0.2000]    'squaredeuclidean'
    [   NaN]    'medium'    'double'     [0.2000]    'seuclidean'      
    [   NaN]    'medium'    'double'     [0.2000]    'cityblock'       
    [   NaN]    'medium'    'double'     [0.2000]    'chebychev'       
    [   NaN]    'medium'    'double'     [0.2000]    'cosine'          
    [   NaN]    'medium'    'double'     [0.2000]    'correlation'     
    [   NaN]    'medium'    'double'     [0.3000]    'Tfunction'       
    [   NaN]    'medium'    'double'     [0.3000]    'euclidean'       
    [   NaN]    'medium'    'double'     [0.3000]    'squaredeuclidean'
    [   NaN]    'medium'    'double'     [0.3000]    'seuclidean'      
    [   NaN]    'medium'    'double'     [0.3000]    'cityblock'       
    [   NaN]    'medium'    'double'     [0.3000]    'chebychev'       
    [   NaN]    'medium'    'double'     [0.3000]    'cosine'          
    [   NaN]    'medium'    'double'     [0.3000]    'correlation'     
    [0.7209]    'small'     'single'     [0.1000]    'Tfunction'       
    [1.6205]    'small'     'single'     [0.1000]    'euclidean'       
    [1.5342]    'small'     'single'     [0.1000]    'squaredeuclidean'
    [2.8466]    'small'     'single'     [0.1000]    'seuclidean'      
    [1.5480]    'small'     'single'     [0.1000]    'cityblock'       
    [1.6143]    'small'     'single'     [0.1000]    'chebychev'       
    [2.1432]    'small'     'single'     [0.1000]    'cosine'          
    [2.5109]    'small'     'single'     [0.1000]    'correlation'     
    [0.5464]    'small'     'single'     [0.2000]    'Tfunction'       
    [0.8198]    'small'     'single'     [0.2000]    'euclidean'       
    [0.7963]    'small'     'single'     [0.2000]    'squaredeuclidean'
    [1.4265]    'small'     'single'     [0.2000]    'seuclidean'      
    [0.8147]    'small'     'single'     [0.2000]    'cityblock'       
    [0.8500]    'small'     'single'     [0.2000]    'chebychev'       
    [1.3870]    'small'     'single'     [0.2000]    'cosine'          
    [1.3106]    'small'     'single'     [0.2000]    'correlation'     
    [0.5054]    'small'     'single'     [0.3000]    'Tfunction'       
    [0.5861]    'small'     'single'     [0.3000]    'euclidean'       
    [0.5742]    'small'     'single'     [0.3000]    'squaredeuclidean'
    [0.9774]    'small'     'single'     [0.3000]    'seuclidean'      
    [0.5769]    'small'     'single'     [0.3000]    'cityblock'       
    [0.6027]    'small'     'single'     [0.3000]    'chebychev'       
    [1.0896]    'small'     'single'     [0.3000]    'cosine'          
    [1.0163]    'small'     'single'     [0.3000]    'correlation'     
    [0.9406]    'small'     'double'     [0.1000]    'Tfunction'       
    [2.1173]    'small'     'double'     [0.1000]    'euclidean'       
    [2.0297]    'small'     'double'     [0.1000]    'squaredeuclidean'
    [3.5415]    'small'     'double'     [0.1000]    'seuclidean'      
    [2.1058]    'small'     'double'     [0.1000]    'cityblock'       
    [2.3422]    'small'     'double'     [0.1000]    'chebychev'       
    [2.6991]    'small'     'double'     [0.1000]    'cosine'          
    [2.5657]    'small'     'double'     [0.1000]    'correlation'     
    [0.6124]    'small'     'double'     [0.2000]    'Tfunction'       
    [1.0674]    'small'     'double'     [0.2000]    'euclidean'       
    [1.0373]    'small'     'double'     [0.2000]    'squaredeuclidean'
    [1.8208]    'small'     'double'     [0.2000]    'seuclidean'      
    [1.0538]    'small'     'double'     [0.2000]    'cityblock'       
    [1.1890]    'small'     'double'     [0.2000]    'chebychev'       
    [1.3177]    'small'     'double'     [0.2000]    'cosine'          
    [1.3584]    'small'     'double'     [0.2000]    'correlation'     
    [0.5558]    'small'     'double'     [0.3000]    'Tfunction'       
    [0.7411]    'small'     'double'     [0.3000]    'euclidean'       
    [0.8458]    'small'     'double'     [0.3000]    'squaredeuclidean'
    [1.1451]    'small'     'double'     [0.3000]    'seuclidean'      
    [0.6996]    'small'     'double'     [0.3000]    'cityblock'       
    [0.8129]    'small'     'double'     [0.3000]    'chebychev'       
    [0.9675]    'small'     'double'     [0.3000]    'cosine'          
    [0.9972]    'small'     'double'     [0.3000]    'correlation'     

