
                                                           < M A T L A B (R) >
                                                 Copyright 1984-2019 The MathWorks, Inc.
                                                 R2019a (9.6.0.1072779) 64-bit (glnxa64)
                                                              March 8, 2019

 
To get started, type doc.
For product information, visit www.mathworks.com.
 
Performing dry run to compile libraries 
01-May-2020 08:00:52
Input expression file: test_data/expression.txt
Input motif file: test_data/motifTest.txt
Input PPI file: test_data/ppi.txt
Output PANDA network: 
Output temp data: 
Alpha: 0.10
[Warning: Name is nonexistent or not a directory: /home/ubuntu/gpupanda/src/../netZooM] 
[> In path (line 109)
  In addpath (line 86)
  In panda_run (line 119)
  In benchmark_gpuLIONESS (line 39)] 
Reading in expression data!
1000 genes and 50 conditions!
Elapsed time is 1.888235 seconds.
Reading in motif data!
Reading in ppi data!
661 TFs and 103400 edges!
Computing coexpression network:
Elapsed time is 0.187422 seconds.
Normalizing Networks:
Elapsed time is 0.152491 seconds.
Running PANDA algorithm:
Learning Network with Tfunction !
Running PANDA on 1000 Genes and 661 TFs took 2.569721 seconds!
All done!
01-May-2020 08:00:58
Starting benchmarks 
01-May-2020 08:00:58
Input expression file: Hugo_exp1_lcl.txt
Input motif file: Hugo_motifCellLine.txt
Input PPI file: ppi2015_freezeCellLine.txt
Output PANDA network: 
Output temp data: 
Alpha: 0.10
Reading in expression data!
27149 genes and 127 conditions!
Elapsed time is 1.639116 seconds.
Reading in motif data!
Reading in ppi data!
652 TFs and 17701148 edges!
Computing coexpression network:
Elapsed time is 14.401213 seconds.
Normalizing Networks:
Elapsed time is 18.577123 seconds.
Running PANDA algorithm:
Learning Network with Tfunction !
Running PANDA on 27149 Genes and 652 TFs took 400.413134 seconds!
All done!
01-May-2020 08:10:16
Reading in expression data!
27149 genes and 127 conditions!
Elapsed time is 1.219439 seconds.
Reading in motif data!
Reading in ppi data!
652 TFs and 17701148 edges!
Reading in expression data!
27149 genes and 127 conditions!
Reading in motif data!
Reading in ppi data!
Running LIONESS for sample 1:
Computing coexpresison network:
Normalizing Networks:
Running PANDA algorithm:
Learning Network with Tfunction !
Running PANDA on 27149 Genes and 652 TFs took 439.939143 seconds!
Running LIONESS for sample 2:
Computing coexpresison network:
Normalizing Networks:
Running PANDA algorithm:
Learning Network with Tfunction !
Running PANDA on 27149 Genes and 652 TFs took 433.179654 seconds!
Running LIONESS for sample 3:
Computing coexpresison network:
Normalizing Networks:
Running PANDA algorithm:
Learning Network with Tfunction !
Running PANDA on 27149 Genes and 652 TFs took 400.757758 seconds!
Running LIONESS for sample 4:
Computing coexpresison network:
Normalizing Networks:
Running PANDA algorithm:
Learning Network with Tfunction !
Running PANDA on 27149 Genes and 652 TFs took 383.306977 seconds!
Running LIONESS for sample 5:
Computing coexpresison network:
Normalizing Networks:
Running PANDA algorithm:
Learning Network with Tfunction !
Running PANDA on 27149 Genes and 652 TFs took 395.879669 seconds!
Running LIONESS for sample 6:
Computing coexpresison network:
Normalizing Networks:
Running PANDA algorithm:
Learning Network with Tfunction !
Running PANDA on 27149 Genes and 652 TFs took 395.636753 seconds!
Running LIONESS for sample 7:
Computing coexpresison network:
Normalizing Networks:
Running PANDA algorithm:
Learning Network with Tfunction !
Running PANDA on 27149 Genes and 652 TFs took 387.888236 seconds!
Running LIONESS for sample 8:
Computing coexpresison network:
Normalizing Networks:
Running PANDA algorithm:
Learning Network with Tfunction !
Running PANDA on 27149 Genes and 652 TFs took 397.168674 seconds!
Running LIONESS for sample 9:
Computing coexpresison network:
Normalizing Networks:
Running PANDA algorithm:
Learning Network with Tfunction !
Running PANDA on 27149 Genes and 652 TFs took 394.597166 seconds!
Running LIONESS for sample 10:
Computing coexpresison network:
Normalizing Networks:
Running PANDA algorithm:
Learning Network with Tfunction !
Running PANDA on 27149 Genes and 652 TFs took 384.243555 seconds!
Running LIONESS for sample 11:
Computing coexpresison network:
Normalizing Networks:
Running PANDA algorithm:
Learning Network with Tfunction !
Running PANDA on 27149 Genes and 652 TFs took 407.302995 seconds!
Running LIONESS for sample 12:
Computing coexpresison network:
Normalizing Networks:
Running PANDA algorithm:
Learning Network with Tfunction !
Running PANDA on 27149 Genes and 652 TFs took 397.647338 seconds!
Running LIONESS for sample 13:
Computing coexpresison network:
Normalizing Networks:
Running PANDA algorithm:
Learning Network with Tfunction !
Running PANDA on 27149 Genes and 652 TFs took 388.436589 seconds!
Running LIONESS for sample 14:
Computing coexpresison network:
Normalizing Networks:
Running PANDA algorithm:
Learning Network with Tfunction !
Running PANDA on 27149 Genes and 652 TFs took 408.073559 seconds!
Running LIONESS for sample 15:
Computing coexpresison network:
Normalizing Networks:
Running PANDA algorithm:
Learning Network with Tfunction !
Running PANDA on 27149 Genes and 652 TFs took 396.689677 seconds!
Running LIONESS for sample 16:
Computing coexpresison network:
Normalizing Networks:
Running PANDA algorithm:
Learning Network with Tfunction !
Running PANDA on 27149 Genes and 652 TFs took 384.838415 seconds!
Running LIONESS for sample 17:
Computing coexpresison network:
Normalizing Networks:
Running PANDA algorithm:
Learning Network with Tfunction !
Running PANDA on 27149 Genes and 652 TFs took 382.010536 seconds!
Running LIONESS for sample 18:
Computing coexpresison network:
Normalizing Networks:
Running PANDA algorithm:
Learning Network with Tfunction !
Running PANDA on 27149 Genes and 652 TFs took 382.624580 seconds!
Running LIONESS for sample 19:
Computing coexpresison network:
Normalizing Networks:
Running PANDA algorithm:
Learning Network with Tfunction !
Running PANDA on 27149 Genes and 652 TFs took 383.416716 seconds!
Running LIONESS for sample 20:
Computing coexpresison network:
Normalizing Networks:
Running PANDA algorithm:
Learning Network with Tfunction !
Running PANDA on 27149 Genes and 652 TFs took 381.072712 seconds!
Running LIONESS for sample 21:
Computing coexpresison network:
Normalizing Networks:
Running PANDA algorithm:
Learning Network with Tfunction !
Running PANDA on 27149 Genes and 652 TFs took 383.122168 seconds!
Running LIONESS for sample 22:
Computing coexpresison network:
Normalizing Networks:
Running PANDA algorithm:
Learning Network with Tfunction !
Running PANDA on 27149 Genes and 652 TFs took 382.053078 seconds!
Running LIONESS for sample 23:
Computing coexpresison network:
Normalizing Networks:
Running PANDA algorithm:
Learning Network with Tfunction !
Running PANDA on 27149 Genes and 652 TFs took 383.820464 seconds!
Running LIONESS for sample 24:
Computing coexpresison network:
Normalizing Networks:
Running PANDA algorithm:
Learning Network with Tfunction !
Running PANDA on 27149 Genes and 652 TFs took 379.657989 seconds!
Running LIONESS for sample 25:
Computing coexpresison network:
Normalizing Networks:
Running PANDA algorithm:
Learning Network with Tfunction !
Running PANDA on 27149 Genes and 652 TFs took 381.207325 seconds!
Running LIONESS for sample 26:
Computing coexpresison network:
Normalizing Networks:
Running PANDA algorithm:
Learning Network with Tfunction !
Running PANDA on 27149 Genes and 652 TFs took 386.186824 seconds!
Running LIONESS for sample 27:
Computing coexpresison network:
Normalizing Networks:
Running PANDA algorithm:
Learning Network with Tfunction !
Running PANDA on 27149 Genes and 652 TFs took 381.776900 seconds!
Running LIONESS for sample 28:
Computing coexpresison network:
Normalizing Networks:
Running PANDA algorithm:
Learning Network with Tfunction !
Running PANDA on 27149 Genes and 652 TFs took 399.123998 seconds!
Running LIONESS for sample 29:
Computing coexpresison network:
Normalizing Networks:
Running PANDA algorithm:
Learning Network with Tfunction !
Running PANDA on 27149 Genes and 652 TFs took 407.297229 seconds!
Running LIONESS for sample 30:
Computing coexpresison network:
Normalizing Networks:
Running PANDA algorithm:
Learning Network with Tfunction !
Running PANDA on 27149 Genes and 652 TFs took 412.551879 seconds!
Running LIONESS for sample 31:
Computing coexpresison network:
Normalizing Networks:
Running PANDA algorithm:
Learning Network with Tfunction !
Running PANDA on 27149 Genes and 652 TFs took 395.811773 seconds!
Running LIONESS for sample 32:
Computing coexpresison network:
Normalizing Networks:
Running PANDA algorithm:
Learning Network with Tfunction !
Running PANDA on 27149 Genes and 652 TFs took 384.431076 seconds!
Running LIONESS for sample 33:
Computing coexpresison network:
Normalizing Networks:
Running PANDA algorithm:
Learning Network with Tfunction !
Running PANDA on 27149 Genes and 652 TFs took 383.939412 seconds!
Running LIONESS for sample 34:
Computing coexpresison network:
Normalizing Networks:
Running PANDA algorithm:
Learning Network with Tfunction !
Running PANDA on 27149 Genes and 652 TFs took 383.276466 seconds!
Running LIONESS for sample 35:
Computing coexpresison network:
Normalizing Networks:
Running PANDA algorithm:
Learning Network with Tfunction !
Running PANDA on 27149 Genes and 652 TFs took 393.132563 seconds!
Running LIONESS for sample 36:
Computing coexpresison network:
Normalizing Networks:
Running PANDA algorithm:
Learning Network with Tfunction !
Running PANDA on 27149 Genes and 652 TFs took 408.779966 seconds!
Running LIONESS for sample 37:
Computing coexpresison network:
Normalizing Networks:
Running PANDA algorithm:
Learning Network with Tfunction !
Running PANDA on 27149 Genes and 652 TFs took 383.414639 seconds!
Running LIONESS for sample 38:
Computing coexpresison network:
Normalizing Networks:
Running PANDA algorithm:
Learning Network with Tfunction !
Running PANDA on 27149 Genes and 652 TFs took 395.389484 seconds!
Running LIONESS for sample 39:
Computing coexpresison network:
Normalizing Networks:
Running PANDA algorithm:
Learning Network with Tfunction !
Running PANDA on 27149 Genes and 652 TFs took 412.299529 seconds!
Running LIONESS for sample 40:
Computing coexpresison network:
Normalizing Networks:
Running PANDA algorithm:
Learning Network with Tfunction !
Running PANDA on 27149 Genes and 652 TFs took 404.284778 seconds!
Running LIONESS for sample 41:
Computing coexpresison network:
Normalizing Networks:
Running PANDA algorithm:
Learning Network with Tfunction !
Running PANDA on 27149 Genes and 652 TFs took 407.872096 seconds!
Running LIONESS for sample 42:
Computing coexpresison network:
Normalizing Networks:
Running PANDA algorithm:
Learning Network with Tfunction !
Running PANDA on 27149 Genes and 652 TFs took 397.120045 seconds!
Running LIONESS for sample 43:
Computing coexpresison network:
Normalizing Networks:
Running PANDA algorithm:
Learning Network with Tfunction !
Running PANDA on 27149 Genes and 652 TFs took 380.316894 seconds!
Running LIONESS for sample 44:
Computing coexpresison network:
Normalizing Networks:
Running PANDA algorithm:
Learning Network with Tfunction !
Running PANDA on 27149 Genes and 652 TFs took 382.028007 seconds!
Running LIONESS for sample 45:
Computing coexpresison network:
Normalizing Networks:
Running PANDA algorithm:
Learning Network with Tfunction !
Running PANDA on 27149 Genes and 652 TFs took 379.370165 seconds!
Running LIONESS for sample 46:
Computing coexpresison network:
Normalizing Networks:
Running PANDA algorithm:
Learning Network with Tfunction !
Running PANDA on 27149 Genes and 652 TFs took 382.550452 seconds!
Running LIONESS for sample 47:
Computing coexpresison network:
Normalizing Networks:
Running PANDA algorithm:
Learning Network with Tfunction !
Running PANDA on 27149 Genes and 652 TFs took 383.415389 seconds!
Running LIONESS for sample 48:
Computing coexpresison network:
Normalizing Networks:
Running PANDA algorithm:
Learning Network with Tfunction !
Running PANDA on 27149 Genes and 652 TFs took 418.491175 seconds!
Running LIONESS for sample 49:
Computing coexpresison network:
Normalizing Networks:
Running PANDA algorithm:
Learning Network with Tfunction !
Running PANDA on 27149 Genes and 652 TFs took 446.186407 seconds!
Running LIONESS for sample 50:
Computing coexpresison network:
Normalizing Networks:
Running PANDA algorithm:
Learning Network with Tfunction !
Running PANDA on 27149 Genes and 652 TFs took 410.228673 seconds!
Running LIONESS for sample 51:
Computing coexpresison network:
Normalizing Networks:
Running PANDA algorithm:
Learning Network with Tfunction !
Running PANDA on 27149 Genes and 652 TFs took 384.071325 seconds!
Running LIONESS for sample 52:
Computing coexpresison network:
Normalizing Networks:
Running PANDA algorithm:
Learning Network with Tfunction !
Running PANDA on 27149 Genes and 652 TFs took 379.300789 seconds!
Running LIONESS for sample 53:
Computing coexpresison network:
Normalizing Networks:
Running PANDA algorithm:
Learning Network with Tfunction !
Running PANDA on 27149 Genes and 652 TFs took 381.317333 seconds!
Running LIONESS for sample 54:
Computing coexpresison network:
Normalizing Networks:
Running PANDA algorithm:
Learning Network with Tfunction !
Running PANDA on 27149 Genes and 652 TFs took 379.529956 seconds!
Running LIONESS for sample 55:
Computing coexpresison network:
Normalizing Networks:
Running PANDA algorithm:
Learning Network with Tfunction !
Running PANDA on 27149 Genes and 652 TFs took 419.808468 seconds!
Running LIONESS for sample 56:
Computing coexpresison network:
Normalizing Networks:
Running PANDA algorithm:
Learning Network with Tfunction !
Running PANDA on 27149 Genes and 652 TFs took 443.282942 seconds!
Running LIONESS for sample 57:
Computing coexpresison network:
Normalizing Networks:
Running PANDA algorithm:
Learning Network with Tfunction !
Running PANDA on 27149 Genes and 652 TFs took 409.962778 seconds!
Running LIONESS for sample 58:
Computing coexpresison network:
Normalizing Networks:
Running PANDA algorithm:
Learning Network with Tfunction !
Running PANDA on 27149 Genes and 652 TFs took 396.652671 seconds!
Running LIONESS for sample 59:
Computing coexpresison network:
Normalizing Networks:
Running PANDA algorithm:
Learning Network with Tfunction !
Running PANDA on 27149 Genes and 652 TFs took 388.709089 seconds!
Running LIONESS for sample 60:
Computing coexpresison network:
Normalizing Networks:
Running PANDA algorithm:
Learning Network with Tfunction !
Running PANDA on 27149 Genes and 652 TFs took 389.637317 seconds!
Running LIONESS for sample 61:
Computing coexpresison network:
Normalizing Networks:
Running PANDA algorithm:
Learning Network with Tfunction !
Running PANDA on 27149 Genes and 652 TFs took 405.087880 seconds!
Running LIONESS for sample 62:
Computing coexpresison network:
Normalizing Networks:
Running PANDA algorithm:
Learning Network with Tfunction !
Running PANDA on 27149 Genes and 652 TFs took 393.195115 seconds!
Running LIONESS for sample 63:
Computing coexpresison network:
Normalizing Networks:
Running PANDA algorithm:
Learning Network with Tfunction !
Running PANDA on 27149 Genes and 652 TFs took 386.796621 seconds!
Running LIONESS for sample 64:
Computing coexpresison network:
Normalizing Networks:
Running PANDA algorithm:
Learning Network with Tfunction !
Running PANDA on 27149 Genes and 652 TFs took 409.405236 seconds!
Running LIONESS for sample 65:
Computing coexpresison network:
Normalizing Networks:
Running PANDA algorithm:
Learning Network with Tfunction !
Running PANDA on 27149 Genes and 652 TFs took 440.344959 seconds!
Running LIONESS for sample 66:
Computing coexpresison network:
Normalizing Networks:
Running PANDA algorithm:
Learning Network with Tfunction !
Running PANDA on 27149 Genes and 652 TFs took 456.617571 seconds!
Running LIONESS for sample 67:
Computing coexpresison network:
Normalizing Networks:
Running PANDA algorithm:
Learning Network with Tfunction !
Running PANDA on 27149 Genes and 652 TFs took 433.505646 seconds!
Running LIONESS for sample 68:
Computing coexpresison network:
Normalizing Networks:
Running PANDA algorithm:
Learning Network with Tfunction !
Running PANDA on 27149 Genes and 652 TFs took 383.584389 seconds!
Running LIONESS for sample 69:
Computing coexpresison network:
Normalizing Networks:
Running PANDA algorithm:
Learning Network with Tfunction !
Running PANDA on 27149 Genes and 652 TFs took 396.479232 seconds!
Running LIONESS for sample 70:
Computing coexpresison network:
Normalizing Networks:
Running PANDA algorithm:
Learning Network with Tfunction !
Running PANDA on 27149 Genes and 652 TFs took 392.948004 seconds!
Running LIONESS for sample 71:
Computing coexpresison network:
Normalizing Networks:
Running PANDA algorithm:
Learning Network with Tfunction !
Running PANDA on 27149 Genes and 652 TFs took 381.757930 seconds!
Running LIONESS for sample 72:
Computing coexpresison network:
Normalizing Networks:
Running PANDA algorithm:
Learning Network with Tfunction !
Running PANDA on 27149 Genes and 652 TFs took 452.523421 seconds!
Running LIONESS for sample 73:
Computing coexpresison network:
Normalizing Networks:
Running PANDA algorithm:
Learning Network with Tfunction !
Running PANDA on 27149 Genes and 652 TFs took 417.161044 seconds!
Running LIONESS for sample 74:
Computing coexpresison network:
Normalizing Networks:
Running PANDA algorithm:
Learning Network with Tfunction !
Running PANDA on 27149 Genes and 652 TFs took 409.798923 seconds!
Running LIONESS for sample 75:
Computing coexpresison network:
Normalizing Networks:
Running PANDA algorithm:
Learning Network with Tfunction !
Running PANDA on 27149 Genes and 652 TFs took 403.831590 seconds!
Running LIONESS for sample 76:
Computing coexpresison network:
Normalizing Networks:
Running PANDA algorithm:
Learning Network with Tfunction !
Running PANDA on 27149 Genes and 652 TFs took 391.441800 seconds!
Running LIONESS for sample 77:
Computing coexpresison network:
Normalizing Networks:
Running PANDA algorithm:
Learning Network with Tfunction !
Running PANDA on 27149 Genes and 652 TFs took 399.454648 seconds!
Running LIONESS for sample 78:
Computing coexpresison network:
Normalizing Networks:
Running PANDA algorithm:
Learning Network with Tfunction !
Running PANDA on 27149 Genes and 652 TFs took 418.337400 seconds!
Running LIONESS for sample 79:
Computing coexpresison network:
Normalizing Networks:
Running PANDA algorithm:
Learning Network with Tfunction !
Running PANDA on 27149 Genes and 652 TFs took 459.936216 seconds!
Running LIONESS for sample 80:
Computing coexpresison network:
Normalizing Networks:
Running PANDA algorithm:
Learning Network with Tfunction !
Running PANDA on 27149 Genes and 652 TFs took 394.866678 seconds!
Running LIONESS for sample 81:
Computing coexpresison network:
Normalizing Networks:
Running PANDA algorithm:
Learning Network with Tfunction !
Running PANDA on 27149 Genes and 652 TFs took 392.030647 seconds!
Running LIONESS for sample 82:
Computing coexpresison network:
Normalizing Networks:
Running PANDA algorithm:
Learning Network with Tfunction !
Running PANDA on 27149 Genes and 652 TFs took 410.370476 seconds!
Running LIONESS for sample 83:
Computing coexpresison network:
Normalizing Networks:
Running PANDA algorithm:
Learning Network with Tfunction !
Running PANDA on 27149 Genes and 652 TFs took 406.134111 seconds!
Running LIONESS for sample 84:
Computing coexpresison network:
Normalizing Networks:
Running PANDA algorithm:
Learning Network with Tfunction !
Running PANDA on 27149 Genes and 652 TFs took 398.425500 seconds!
Running LIONESS for sample 85:
Computing coexpresison network:
Normalizing Networks:
Running PANDA algorithm:
Learning Network with Tfunction !
Running PANDA on 27149 Genes and 652 TFs took 385.489625 seconds!
Running LIONESS for sample 86:
Computing coexpresison network:
Normalizing Networks:
Running PANDA algorithm:
Learning Network with Tfunction !
Running PANDA on 27149 Genes and 652 TFs took 380.276443 seconds!
Running LIONESS for sample 87:
Computing coexpresison network:
Normalizing Networks:
Running PANDA algorithm:
Learning Network with Tfunction !
Running PANDA on 27149 Genes and 652 TFs took 378.108519 seconds!
Running LIONESS for sample 88:
Computing coexpresison network:
Normalizing Networks:
Running PANDA algorithm:
Learning Network with Tfunction !
Running PANDA on 27149 Genes and 652 TFs took 388.846653 seconds!
Running LIONESS for sample 89:
Computing coexpresison network:
Normalizing Networks:
Running PANDA algorithm:
Learning Network with Tfunction !
Running PANDA on 27149 Genes and 652 TFs took 407.350925 seconds!
Running LIONESS for sample 90:
Computing coexpresison network:
Normalizing Networks:
Running PANDA algorithm:
Learning Network with Tfunction !
Running PANDA on 27149 Genes and 652 TFs took 409.844654 seconds!
Running LIONESS for sample 91:
Computing coexpresison network:
Normalizing Networks:
Running PANDA algorithm:
Learning Network with Tfunction !
Running PANDA on 27149 Genes and 652 TFs took 412.161763 seconds!
Running LIONESS for sample 92:
Computing coexpresison network:
Normalizing Networks:
Running PANDA algorithm:
Learning Network with Tfunction !
Running PANDA on 27149 Genes and 652 TFs took 405.909788 seconds!
Running LIONESS for sample 93:
Computing coexpresison network:
Normalizing Networks:
Running PANDA algorithm:
Learning Network with Tfunction !
Running PANDA on 27149 Genes and 652 TFs took 380.194643 seconds!
Running LIONESS for sample 94:
Computing coexpresison network:
Normalizing Networks:
Running PANDA algorithm:
Learning Network with Tfunction !
Running PANDA on 27149 Genes and 652 TFs took 425.415355 seconds!
Running LIONESS for sample 95:
Computing coexpresison network:
Normalizing Networks:
Running PANDA algorithm:
Learning Network with Tfunction !
Running PANDA on 27149 Genes and 652 TFs took 425.612278 seconds!
Running LIONESS for sample 96:
Computing coexpresison network:
Normalizing Networks:
Running PANDA algorithm:
Learning Network with Tfunction !
Running PANDA on 27149 Genes and 652 TFs took 380.960482 seconds!
Running LIONESS for sample 97:
Computing coexpresison network:
Normalizing Networks:
Running PANDA algorithm:
Learning Network with Tfunction !
Running PANDA on 27149 Genes and 652 TFs took 376.569924 seconds!
Running LIONESS for sample 98:
Computing coexpresison network:
Normalizing Networks:
Running PANDA algorithm:
Learning Network with Tfunction !
Running PANDA on 27149 Genes and 652 TFs took 376.564166 seconds!
Running LIONESS for sample 99:
Computing coexpresison network:
Normalizing Networks:
Running PANDA algorithm:
Learning Network with Tfunction !
Running PANDA on 27149 Genes and 652 TFs took 381.957764 seconds!
Running LIONESS for sample 100:
Computing coexpresison network:
Normalizing Networks:
Running PANDA algorithm:
Learning Network with Tfunction !
Running PANDA on 27149 Genes and 652 TFs took 380.995502 seconds!
Running LIONESS for sample 101:
Computing coexpresison network:
Normalizing Networks:
Running PANDA algorithm:
Learning Network with Tfunction !
Running PANDA on 27149 Genes and 652 TFs took 390.193893 seconds!
Running LIONESS for sample 102:
Computing coexpresison network:
Normalizing Networks:
Running PANDA algorithm:
Learning Network with Tfunction !
Running PANDA on 27149 Genes and 652 TFs took 403.779084 seconds!
Running LIONESS for sample 103:
Computing coexpresison network:
Normalizing Networks:
Running PANDA algorithm:
Learning Network with Tfunction !
Running PANDA on 27149 Genes and 652 TFs took 410.660254 seconds!
Running LIONESS for sample 104:
Computing coexpresison network:
Normalizing Networks:
Running PANDA algorithm:
Learning Network with Tfunction !
Running PANDA on 27149 Genes and 652 TFs took 391.758020 seconds!
Running LIONESS for sample 105:
Computing coexpresison network:
Normalizing Networks:
Running PANDA algorithm:
Learning Network with Tfunction !
Running PANDA on 27149 Genes and 652 TFs took 379.968071 seconds!
Running LIONESS for sample 106:
Computing coexpresison network:
Normalizing Networks:
Running PANDA algorithm:
Learning Network with Tfunction !
Running PANDA on 27149 Genes and 652 TFs took 388.211666 seconds!
Running LIONESS for sample 107:
Computing coexpresison network:
Normalizing Networks:
Running PANDA algorithm:
Learning Network with Tfunction !
Running PANDA on 27149 Genes and 652 TFs took 381.107114 seconds!
Running LIONESS for sample 108:
Computing coexpresison network:
Normalizing Networks:
Running PANDA algorithm:
Learning Network with Tfunction !
Running PANDA on 27149 Genes and 652 TFs took 383.812801 seconds!
Running LIONESS for sample 109:
Computing coexpresison network:
Normalizing Networks:
Running PANDA algorithm:
Learning Network with Tfunction !
Running PANDA on 27149 Genes and 652 TFs took 388.535717 seconds!
Running LIONESS for sample 110:
Computing coexpresison network:
Normalizing Networks:
Running PANDA algorithm:
Learning Network with Tfunction !
Running PANDA on 27149 Genes and 652 TFs took 385.305675 seconds!
Running LIONESS for sample 111:
Computing coexpresison network:
Normalizing Networks:
Running PANDA algorithm:
Learning Network with Tfunction !
Running PANDA on 27149 Genes and 652 TFs took 395.564910 seconds!
Running LIONESS for sample 112:
Computing coexpresison network:
Normalizing Networks:
Running PANDA algorithm:
Learning Network with Tfunction !
Running PANDA on 27149 Genes and 652 TFs took 410.583872 seconds!
Running LIONESS for sample 113:
Computing coexpresison network:
Normalizing Networks:
Running PANDA algorithm:
Learning Network with Tfunction !
Running PANDA on 27149 Genes and 652 TFs took 385.146930 seconds!
Running LIONESS for sample 114:
Computing coexpresison network:
Normalizing Networks:
Running PANDA algorithm:
Learning Network with Tfunction !
Running PANDA on 27149 Genes and 652 TFs took 384.758780 seconds!
Running LIONESS for sample 115:
Computing coexpresison network:
Normalizing Networks:
Running PANDA algorithm:
Learning Network with Tfunction !
Running PANDA on 27149 Genes and 652 TFs took 395.251080 seconds!
Running LIONESS for sample 116:
Computing coexpresison network:
Normalizing Networks:
Running PANDA algorithm:
Learning Network with Tfunction !
Running PANDA on 27149 Genes and 652 TFs took 402.354094 seconds!
Running LIONESS for sample 117:
Computing coexpresison network:
Normalizing Networks:
Running PANDA algorithm:
Learning Network with Tfunction !
Running PANDA on 27149 Genes and 652 TFs took 388.960575 seconds!
Running LIONESS for sample 118:
Computing coexpresison network:
Normalizing Networks:
Running PANDA algorithm:
Learning Network with Tfunction !
Running PANDA on 27149 Genes and 652 TFs took 390.734768 seconds!
Running LIONESS for sample 119:
Computing coexpresison network:
Normalizing Networks:
Running PANDA algorithm:
Learning Network with Tfunction !
Running PANDA on 27149 Genes and 652 TFs took 407.851256 seconds!
Running LIONESS for sample 120:
Computing coexpresison network:
Normalizing Networks:
Running PANDA algorithm:
Learning Network with Tfunction !
Running PANDA on 27149 Genes and 652 TFs took 381.106780 seconds!
Running LIONESS for sample 121:
Computing coexpresison network:
Normalizing Networks:
Running PANDA algorithm:
Learning Network with Tfunction !
Running PANDA on 27149 Genes and 652 TFs took 386.623883 seconds!
Running LIONESS for sample 122:
Computing coexpresison network:
Normalizing Networks:
Running PANDA algorithm:
Learning Network with Tfunction !
Running PANDA on 27149 Genes and 652 TFs took 386.336435 seconds!
Running LIONESS for sample 123:
Computing coexpresison network:
Normalizing Networks:
Running PANDA algorithm:
Learning Network with Tfunction !
Running PANDA on 27149 Genes and 652 TFs took 384.311401 seconds!
Running LIONESS for sample 124:
Computing coexpresison network:
Normalizing Networks:
Running PANDA algorithm:
Learning Network with Tfunction !
Running PANDA on 27149 Genes and 652 TFs took 385.289237 seconds!
Running LIONESS for sample 125:
Computing coexpresison network:
Normalizing Networks:
Running PANDA algorithm:
Learning Network with Tfunction !
Running PANDA on 27149 Genes and 652 TFs took 387.338612 seconds!
Running LIONESS for sample 126:
Computing coexpresison network:
Normalizing Networks:
Running PANDA algorithm:
Learning Network with Tfunction !
Running PANDA on 27149 Genes and 652 TFs took 382.242029 seconds!
Running LIONESS for sample 127:
Computing coexpresison network:
Normalizing Networks:
Running PANDA algorithm:
Learning Network with Tfunction !
Running PANDA on 27149 Genes and 652 TFs took 378.513354 seconds!
